#
# There is insufficient memory for the Java Runtime Environment to continue.
# Native memory allocation (mmap) failed to map 268435456 bytes. Error detail: G1 virtual space
# Possible reasons:
#   The system is out of physical RAM or swap space
#   This process is running with CompressedOops enabled, and the Java Heap may be blocking the growth of the native heap
# Possible solutions:
#   Reduce memory load on the system
#   Increase physical memory or swap space
#   Check if swap backing store is full
#   Decrease Java heap size (-Xmx/-Xms)
#   Decrease number of Java threads
#   Decrease Java thread stack sizes (-Xss)
#   Set larger code cache with -XX:ReservedCodeCacheSize=
#   JVM is running with Zero Based Compressed Oops mode in which the Java heap is
#     placed in the first 32GB address space. The Java Heap base address is the
#     maximum limit for the native heap growth. Please use -XX:HeapBaseMinAddress
#     to set the Java Heap base and to place the Java Heap above 32GB virtual address.
# This output file may be truncated or incomplete.
#
#  Out of Memory Error (os_windows.cpp:3898), pid=23864, tid=23916
#
# JRE version:  (21.0.6+8) (build )
# Java VM: OpenJDK 64-Bit Server VM (21.0.6+8-b631.39, mixed mode, sharing, tiered, compressed oops, compressed class ptrs, g1 gc, windows-amd64)
# No core dump will be written. Minidumps are not enabled by default on client versions of Windows
#

---------------  S U M M A R Y ------------

Command Line: git4idea.http.GitAskPassApp Username for 'https://github.com': 

Host: Intel(R) Core(TM) i5-8350U CPU @ 1.70GHz, 8 cores, 15G,  Windows 11 , 64 bit Build 26100 (10.0.26100.3775)
Time: Sun Apr 27 01:44:28 2025 Sri Lanka Standard Time elapsed time: 0.049204 seconds (0d 0h 0m 0s)

---------------  T H R E A D  ---------------

Current thread (0x000002c2b38608b0):  JavaThread "Unknown thread" [_thread_in_vm, id=23916, stack(0x000000d00e500000,0x000000d00e600000) (1024K)]

Stack: [0x000000d00e500000,0x000000d00e600000]
Native frames: (J=compiled Java code, j=interpreted, Vv=VM code, C=native code)
V  [jvm.dll+0x6e5d39]
V  [jvm.dll+0x8c4133]
V  [jvm.dll+0x8c668e]
V  [jvm.dll+0x8c6d73]
V  [jvm.dll+0x288f76]
V  [jvm.dll+0x6e25f5]
V  [jvm.dll+0x6d60aa]
V  [jvm.dll+0x3635bb]
V  [jvm.dll+0x36b186]
V  [jvm.dll+0x3bd4b6]
V  [jvm.dll+0x3bd788]
V  [jvm.dll+0x335d2c]
V  [jvm.dll+0x336a1b]
V  [jvm.dll+0x88b589]
V  [jvm.dll+0x3ca688]
V  [jvm.dll+0x874698]
V  [jvm.dll+0x45f04e]
V  [jvm.dll+0x460d31]
C  [jli.dll+0x52ab]
C  [ucrtbase.dll+0x37b0]
C  [KERNEL32.DLL+0x2e8d7]
C  [ntdll.dll+0xb14fc]


---------------  P R O C E S S  ---------------

Threads class SMR info:
_java_thread_list=0x00007ffdd8ada148, length=0, elements={
}

Java Threads: ( => current thread )
Total: 0

Other Threads:
  0x000002c2b38cb730 WorkerThread "GC Thread#0"                     [id=23920, stack(0x000000d00e600000,0x000000d00e700000) (1024K)]
  0x000002c2b38dd840 ConcurrentGCThread "G1 Main Marker"            [id=23924, stack(0x000000d00e700000,0x000000d00e800000) (1024K)]
  0x000002c2b38e0500 WorkerThread "G1 Conc#0"                       [id=23928, stack(0x000000d00e800000,0x000000d00e900000) (1024K)]

[error occurred during error reporting (printing all threads), id 0xc0000005, EXCEPTION_ACCESS_VIOLATION (0xc0000005) at pc=0x00007ffdd81c8de7]
VM state: not at safepoint (not fully initialized)

VM Mutex/Monitor currently owned by a thread:  ([mutex/lock_event])
[0x00007ffdd8b4eb30] Heap_lock - owner thread: 0x000002c2b38608b0

Heap address: 0x0000000701e00000, size: 4066 MB, Compressed Oops mode: Zero based, Oop shift amount: 3

CDS archive(s) mapped at: [0x0000000000000000-0x0000000000000000-0x0000000000000000), size 0, SharedBaseAddress: 0x0000000800000000, ArchiveRelocationMode: 1.
Narrow klass base: 0x0000000000000000, Narrow klass shift: 0, Narrow klass range: 0x0

GC Precious Log:
 CardTable entry size: 512
 Card Set container configuration: InlinePtr #cards 4 size 8 Array Of Cards #cards 16 size 48 Howl #buckets 8 coarsen threshold 3686 Howl Bitmap #cards 512 size 80 coarsen threshold 460 Card regions per heap region 1 cards per card region 4096

Heap:
 garbage-first heap   total 0K, used 0K [0x0000000701e00000, 0x0000000800000000)
  region size 2048K, 0 young (0K), 0 survivors (0K)
 Metaspace       used 0K, committed 0K, reserved 0K
  class space    used 0K, committed 0K, reserved 0K

Heap Regions: E=young(eden), S=young(survivor), O=old, HS=humongous(starts), HC=humongous(continues), CS=collection set, F=free, TAMS=top-at-mark-start, PB=parsable bottom

Card table byte_map: [0x000002c2c7b00000,0x000002c2c8300000] _byte_map_base: 0x000002c2c42f1000

Marking Bits: (CMBitMap*) 0x000002c2b38cce40
 Bits: [0x000002c2c8300000, 0x000002c2cc288000)

GC Heap History (0 events):
No events

Dll operation events (1 events):
Event: 0.030 Loaded shared library C:\Users\Sasidula\AppData\Local\Programs\IntelliJ IDEA Ultimate\jbr\bin\java.dll

Deoptimization events (0 events):
No events

Classes loaded (0 events):
No events

Classes unloaded (0 events):
No events

Classes redefined (0 events):
No events

Internal exceptions (0 events):
No events

ZGC Phase Switch (0 events):
No events

VM Operations (0 events):
No events

Memory protections (0 events):
No events

Nmethod flushes (0 events):
No events

Events (0 events):
No events


Dynamic libraries:
0x00007ff77d890000 - 0x00007ff77d89a000 	C:\Users\Sasidula\AppData\Local\Programs\IntelliJ IDEA Ultimate\jbr\bin\java.exe
0x00007ffe58480000 - 0x00007ffe586e0000 	C:\WINDOWS\SYSTEM32\ntdll.dll
0x00007ffe574a0000 - 0x00007ffe57567000 	C:\WINDOWS\System32\KERNEL32.DLL
0x00007ffe55c00000 - 0x00007ffe55fca000 	C:\WINDOWS\System32\KERNELBASE.dll
0x00007ffe3a170000 - 0x00007ffe3a188000 	C:\Users\Sasidula\AppData\Local\Programs\IntelliJ IDEA Ultimate\jbr\bin\jli.dll
0x00007ffe3d5d0000 - 0x00007ffe3d5eb000 	C:\Users\Sasidula\AppData\Local\Programs\IntelliJ IDEA Ultimate\jbr\bin\VCRUNTIME140.dll
0x00007ffe39d30000 - 0x00007ffe39fc7000 	C:\WINDOWS\WinSxS\amd64_microsoft.windows.common-controls_6595b64144ccf1df_6.0.26100.3624_none_3e086962e3345f24\COMCTL32.dll
0x00007ffe56280000 - 0x00007ffe5644c000 	C:\WINDOWS\System32\USER32.dll
0x00007ffe57590000 - 0x00007ffe57639000 	C:\WINDOWS\System32\msvcrt.dll
0x00007ffe55660000 - 0x00007ffe557ab000 	C:\WINDOWS\System32\ucrtbase.dll
0x00007ffe55fd0000 - 0x00007ffe55ff7000 	C:\WINDOWS\System32\win32u.dll
0x00007ffe56630000 - 0x00007ffe5665a000 	C:\WINDOWS\System32\GDI32.dll
0x00007ffe56090000 - 0x00007ffe561c1000 	C:\WINDOWS\System32\gdi32full.dll
0x00007ffe561d0000 - 0x00007ffe56273000 	C:\WINDOWS\System32\msvcp_win.dll
0x00007ffe577c0000 - 0x00007ffe577ef000 	C:\WINDOWS\System32\IMM32.DLL
0x00007ffe4d080000 - 0x00007ffe4d08c000 	C:\Users\Sasidula\AppData\Local\Programs\IntelliJ IDEA Ultimate\jbr\bin\vcruntime140_1.dll
0x00007ffd6a3a0000 - 0x00007ffd6a42d000 	C:\Users\Sasidula\AppData\Local\Programs\IntelliJ IDEA Ultimate\jbr\bin\msvcp140.dll
0x00007ffdd7e80000 - 0x00007ffdd8c41000 	C:\Users\Sasidula\AppData\Local\Programs\IntelliJ IDEA Ultimate\jbr\bin\server\jvm.dll
0x00007ffe56af0000 - 0x00007ffe56ba2000 	C:\WINDOWS\System32\ADVAPI32.dll
0x00007ffe57cf0000 - 0x00007ffe57d96000 	C:\WINDOWS\System32\sechost.dll
0x00007ffe56860000 - 0x00007ffe56976000 	C:\WINDOWS\System32\RPCRT4.dll
0x00007ffe57c70000 - 0x00007ffe57ce4000 	C:\WINDOWS\System32\WS2_32.dll
0x00007ffe54290000 - 0x00007ffe542ee000 	C:\WINDOWS\SYSTEM32\POWRPROF.dll
0x00007ffe43860000 - 0x00007ffe43896000 	C:\WINDOWS\SYSTEM32\WINMM.dll
0x00007ffe4e3b0000 - 0x00007ffe4e3bb000 	C:\WINDOWS\SYSTEM32\VERSION.dll
0x00007ffe54270000 - 0x00007ffe54284000 	C:\WINDOWS\SYSTEM32\UMPDC.dll
0x00007ffe54550000 - 0x00007ffe5456a000 	C:\WINDOWS\SYSTEM32\kernel.appcore.dll
0x00007ffe4cf70000 - 0x00007ffe4cf7a000 	C:\Users\Sasidula\AppData\Local\Programs\IntelliJ IDEA Ultimate\jbr\bin\jimage.dll
0x00007ffe52fd0000 - 0x00007ffe53211000 	C:\WINDOWS\SYSTEM32\DBGHELP.DLL
0x00007ffe578e0000 - 0x00007ffe57c62000 	C:\WINDOWS\System32\combase.dll
0x00007ffe57800000 - 0x00007ffe578d6000 	C:\WINDOWS\System32\OLEAUT32.dll
0x00007ffe3ff00000 - 0x00007ffe3ff39000 	C:\WINDOWS\SYSTEM32\dbgcore.DLL
0x00007ffe557b0000 - 0x00007ffe55849000 	C:\WINDOWS\System32\bcryptPrimitives.dll
0x00007ffe3a3a0000 - 0x00007ffe3a3c0000 	C:\Users\Sasidula\AppData\Local\Programs\IntelliJ IDEA Ultimate\jbr\bin\java.dll

dbghelp: loaded successfully - version: 4.0.5 - missing functions: none
symbol engine: initialized successfully - sym options: 0x614 - pdb path: .;C:\Users\Sasidula\AppData\Local\Programs\IntelliJ IDEA Ultimate\jbr\bin;C:\WINDOWS\SYSTEM32;C:\WINDOWS\WinSxS\amd64_microsoft.windows.common-controls_6595b64144ccf1df_6.0.26100.3624_none_3e086962e3345f24;C:\Users\Sasidula\AppData\Local\Programs\IntelliJ IDEA Ultimate\jbr\bin\server

VM Arguments:
java_command: git4idea.http.GitAskPassApp Username for 'https://github.com': 
java_class_path (initial): C:/Users/Sasidula/AppData/Local/Programs/IntelliJ IDEA Ultimate/plugins/vcs-git/lib/git4idea-rt.jar;C:/Users/Sasidula/AppData/Local/Programs/IntelliJ IDEA Ultimate/lib/externalProcess-rt.jar
Launcher Type: SUN_STANDARD

[Global flags]
     intx CICompilerCount                          = 4                                         {product} {ergonomic}
     uint ConcGCThreads                            = 2                                         {product} {ergonomic}
     uint G1ConcRefinementThreads                  = 8                                         {product} {ergonomic}
   size_t G1HeapRegionSize                         = 2097152                                   {product} {ergonomic}
    uintx GCDrainStackTargetSize                   = 64                                        {product} {ergonomic}
   size_t InitialHeapSize                          = 268435456                                 {product} {ergonomic}
   size_t MarkStackSize                            = 4194304                                   {product} {ergonomic}
   size_t MaxHeapSize                              = 4263510016                                {product} {ergonomic}
   size_t MinHeapDeltaBytes                        = 2097152                                   {product} {ergonomic}
   size_t MinHeapSize                              = 8388608                                   {product} {ergonomic}
    uintx NonNMethodCodeHeapSize                   = 5839372                                {pd product} {ergonomic}
    uintx NonProfiledCodeHeapSize                  = 122909434                              {pd product} {ergonomic}
    uintx ProfiledCodeHeapSize                     = 122909434                              {pd product} {ergonomic}
    uintx ReservedCodeCacheSize                    = 251658240                              {pd product} {ergonomic}
     bool SegmentedCodeCache                       = true                                      {product} {ergonomic}
   size_t SoftMaxHeapSize                          = 4263510016                             {manageable} {ergonomic}
     bool UseCompressedOops                        = true                           {product lp64_product} {ergonomic}
     bool UseG1GC                                  = true                                      {product} {ergonomic}
     bool UseLargePagesIndividualAllocation        = false                                  {pd product} {ergonomic}

Logging:
Log output configuration:
 #0: stdout all=warning uptime,level,tags foldmultilines=false
 #1: stderr all=off uptime,level,tags foldmultilines=false

Environment Variables:
PATH=C:/Program Files/Git/mingw64/libexec/git-core;C:/Program Files/Git/mingw64/libexec/git-core;C:\Program Files\Git\mingw64\bin;C:\Program Files\Git\usr\bin;C:\Users\Sasidula\bin;C:\Users\Sasidula\Documents\python\run\venv\Scripts;C:\ProgramData\Oracle\Java\javapath;C:\app\Sasidula\product\21c\dbhomeXE\bin;C:\Program Files (x86)\VMware\VMware Workstation\bin\;C:\Program Files (x86)\Common Files\Intel\Shared Libraries\redist\intel64\compiler;C:\WINDOWS\system32;C:\WINDOWS;C:\WINDOWS\System32\Wbem;C:\WINDOWS\System32\WindowsPowerShell\v1.0\;C:\WINDOWS\System32\OpenSSH\;C:\Program Files\Intel\WiFi\bin\;C:\Program Files\Common Files\Intel\WirelessCommon\;C:\Program Files (x86)\Microsoft SQL Server\160\Tools\Binn\;C:\Program Files\Microsoft SQL Server\160\Tools\Binn\;C:\Program Files\Microsoft SQL Server\Client SDK\ODBC\170\Tools\Binn\;C:\Program Files\Microsoft SQL Server\160\DTS\Binn\;C:\Program Files (x86)\Microsoft SQL Server\160\DTS\Binn\;C:\Program Files\Azure Data Studio\bin;C:\lua;C:\Program Files\dotnet;C:\Program Files\Java\jdk-21\bin;C:\Program Files\dotnet\;C:\Program Files\PuTTY\;C:\Users\Sasidula\Documents\java\apache-maven-3.9.8-bin\apache-maven-3.9.8\bin;C:\Program Files\Git\cmd;C:\Program Files\nodejs\;C:\ProgramData\chocolatey\bin;C:\wamp64\bin\mysql\mysql8.3.0\bin;C:\sqlite-tools-win-x64-3460100;C:\Program Files\Java\jdk-17.0.12\bin;C:\cygwin64\bin;C:\Program Files\CMake\bin;C:\Program Files (x86)\Windows Kits\10\Windows Performance Toolkit\;C:\Program Files\PowerShell\7\;C:\Program Files\MySQL\MySQL Utilities 1.6\;C:\Users\Sasidula\AppData\Local\Programs\Python\Python310\Scripts\;C:\Users\Sasidula\AppData\Local\Programs\Python\Python310\;C:\Users\Sasidula\.pyenv\pyenv-win\bin;C:\Users\Sasidula\.pyenv\pyenv-win\shims;C:\Users\Sasidula\.pyenv\pyenv-win\bin;C:\Users\Sasidula\.pyenv\pyenv-win\shims;C:\Users\Sasidula\AppData\Local\Microsoft\WindowsApps;C:\Program Files\Azure Data Studio\bin;C:\Users\Sasidula\AppData\Local\Programs\Microsoft VS Code\bin;C:\Program Files\JetBrains\IntelliJ IDEA 2023.1.3\bin;C:\Program Files\Common Files\Oracle\Java\javapath;C:\Users\Sasidula\.dotnet\tools;C:\Users\Sasidula\AppData\Local\JetBrains\Toolbox\scripts;C:\Users\Sasidula\AppData\Local\GitHubDesktop\bin;C:\Users\Sasidula\AppData\Roaming\npm;C:\Users\Sasidula\AppData\Local\Programs\mongosh\;C:\Users\Sasidula\AppData\Local\Microsoft\WindowsApps;C:\Users\Sasidula\.dotnet\tools
USERNAME=Sasidula
DISPLAY=:0.0
LC_ALL=en_US.UTF-8
TERM=xterm-256color
TMPDIR=C:\Users\Sasidula\AppData\Local\Temp
OS=Windows_NT
PROCESSOR_IDENTIFIER=Intel64 Family 6 Model 142 Stepping 10, GenuineIntel
TMP=C:\Users\Sasidula\AppData\Local\Temp
TEMP=C:\Users\Sasidula\AppData\Local\Temp




Periodic native trim disabled

JNI global refs:
JNI global refs: 0, weak refs: 0

JNI global refs memory usage: 0, weak refs: 0

Process memory usage:
Resident Set Size: 12980K (0% of 16648860K total physical memory with 2119900K free physical memory)

OOME stack traces (most recent first):
Classloader memory used:

---------------  S Y S T E M  ---------------

OS:
 Windows 11 , 64 bit Build 26100 (10.0.26100.3775)
OS uptime: 1 days 3:14 hours
Hyper-V role detected

CPU: total 8 (initial active 8) (4 cores per cpu, 2 threads per core) family 6 model 142 stepping 10 microcode 0xf6, cx8, cmov, fxsr, ht, mmx, 3dnowpref, sse, sse2, sse3, ssse3, sse4.1, sse4.2, popcnt, lzcnt, tsc, tscinvbit, avx, avx2, aes, erms, clmul, bmi1, bmi2, rtm, adx, fma, vzeroupper, clflush, clflushopt, hv, rdtscp, f16c
Processor Information for the first 8 processors :
  Max Mhz: 1896, Current Mhz: 1696, Mhz Limit: 1687

Memory: 4k page, system-wide physical 16258M (2070M free)
TotalPageFile size 21470M (AvailPageFile size 140M)
current process WorkingSet (physical memory assigned to process): 12M, peak: 12M
current process commit charge ("private bytes"): 60M, peak: 316M

vm_info: OpenJDK 64-Bit Server VM (21.0.6+8-b631.39) for windows-amd64 JRE (21.0.6+8-b631.39), built on 2025-02-04 by "builduser" with MS VC++ 16.10 / 16.11 (VS2019)

END.
