#
# There is insufficient memory for the Java Runtime Environment to continue.
# Native memory allocation (malloc) failed to allocate 366976 bytes. Error detail: Chunk::new
# Possible reasons:
#   The system is out of physical RAM or swap space
#   This process is running with CompressedOops enabled, and the Java Heap may be blocking the growth of the native heap
# Possible solutions:
#   Reduce memory load on the system
#   Increase physical memory or swap space
#   Check if swap backing store is full
#   Decrease Java heap size (-Xmx/-Xms)
#   Decrease number of Java threads
#   Decrease Java thread stack sizes (-Xss)
#   Set larger code cache with -XX:ReservedCodeCacheSize=
#   JVM is running with Zero Based Compressed Oops mode in which the Java heap is
#     placed in the first 32GB address space. The Java Heap base address is the
#     maximum limit for the native heap growth. Please use -XX:HeapBaseMinAddress
#     to set the Java Heap base and to place the Java Heap above 32GB virtual address.
# This output file may be truncated or incomplete.
#
#  Out of Memory Error (arena.cpp:150), pid=10564, tid=22620
#
# JRE version: Java(TM) SE Runtime Environment (22.0.1+8) (build 22.0.1+8-16)
# Java VM: Java HotSpot(TM) 64-Bit Server VM (22.0.1+8-16, mixed mode, sharing, tiered, compressed oops, compressed class ptrs, g1 gc, windows-amd64)
# No core dump will be written. Minidumps are not enabled by default on client versions of Windows
#

---------------  S U M M A R Y ------------

Command Line: -javaagent:C:\Users\Sasidula\AppData\Local\Programs\IntelliJ IDEA Ultimate\lib\idea_rt.jar=53882 -Dfile.encoding=UTF-8 -Dsun.stdout.encoding=UTF-8 -Dsun.stderr.encoding=UTF-8 com.example.nft_device_blockchain.NftDeviceBlockchainApplication

Host: Intel(R) Core(TM) i5-8350U CPU @ 1.70GHz, 8 cores, 15G,  Windows 11 , 64 bit Build 26100 (10.0.26100.3775)
Time: Wed May 14 02:09:33 2025 Sri Lanka Standard Time elapsed time: 168.435367 seconds (0d 0h 2m 48s)

---------------  T H R E A D  ---------------

Current thread (0x0000016b588a29e0):  JavaThread "C2 CompilerThread0" daemon [_thread_in_native, id=22620, stack(0x0000004f81800000,0x0000004f81900000) (1024K)]


Current CompileTask:
C2:168435 8184   !   4       java.io.ObjectOutputStream::defaultWriteFields (288 bytes)

Stack: [0x0000004f81800000,0x0000004f81900000]
Native frames: (J=compiled Java code, j=interpreted, Vv=VM code, C=native code)
V  [jvm.dll+0x6e2279]  (no source info available)
V  [jvm.dll+0x874e33]  (no source info available)
V  [jvm.dll+0x87725e]  (no source info available)
V  [jvm.dll+0x877933]  (no source info available)
V  [jvm.dll+0x27fd76]  (no source info available)
V  [jvm.dll+0xc3d0f]  (no source info available)
V  [jvm.dll+0xc3f6b]  (no source info available)
V  [jvm.dll+0x3bb10c]  (no source info available)
V  [jvm.dll+0x1df87e]  (no source info available)
V  [jvm.dll+0x247a5c]  (no source info available)
V  [jvm.dll+0x246fbf]  (no source info available)
V  [jvm.dll+0x1c4e90]  (no source info available)
V  [jvm.dll+0x2569fe]  (no source info available)
V  [jvm.dll+0x254cba]  (no source info available)
V  [jvm.dll+0x3f5336]  (no source info available)
V  [jvm.dll+0x81d44b]  (no source info available)
V  [jvm.dll+0x6e0915]  (no source info available)
C  [ucrtbase.dll+0x37b0]  (no source info available)
C  [KERNEL32.DLL+0x2e8d7]  (no source info available)
C  [ntdll.dll+0xb14fc]  (no source info available)


---------------  P R O C E S S  ---------------

Threads class SMR info:
_java_thread_list=0x0000016ba11ac520, length=33, elements={
0x0000016b587512e0, 0x0000016b58753b60, 0x0000016b587578c0, 0x0000016b58761400,
0x0000016b588a01c0, 0x0000016b588a13a0, 0x0000016b588a29e0, 0x0000016b588a3d40,
0x0000016b58991240, 0x0000016b9e109ca0, 0x0000016b9e10a310, 0x0000016b9ebd5980,
0x0000016b9e972800, 0x0000016b9e8e3620, 0x0000016b9e954cf0, 0x0000016b9fbbd3c0,
0x0000016b9fbbb980, 0x0000016b9fbbb2f0, 0x0000016b9fbbc010, 0x0000016ba073c7a0,
0x0000016ba073db50, 0x0000016ba073ad60, 0x0000016ba073e1e0, 0x0000016ba073e870,
0x0000016ba073b3f0, 0x0000016ba07402b0, 0x0000016ba073ef00, 0x0000016ba0740fd0,
0x0000016ba073f590, 0x0000016ba0740940, 0x0000016ba073fc20, 0x0000016ba0741660,
0x0000016b9ffc1f80
}

Java Threads: ( => current thread )
  0x0000016b587512e0 JavaThread "Reference Handler"          daemon [_thread_blocked, id=22600, stack(0x0000004f81200000,0x0000004f81300000) (1024K)]
  0x0000016b58753b60 JavaThread "Finalizer"                  daemon [_thread_blocked, id=5412, stack(0x0000004f81300000,0x0000004f81400000) (1024K)]
  0x0000016b587578c0 JavaThread "Signal Dispatcher"          daemon [_thread_blocked, id=23384, stack(0x0000004f81400000,0x0000004f81500000) (1024K)]
  0x0000016b58761400 JavaThread "Attach Listener"            daemon [_thread_blocked, id=17980, stack(0x0000004f81500000,0x0000004f81600000) (1024K)]
  0x0000016b588a01c0 JavaThread "Service Thread"             daemon [_thread_blocked, id=20184, stack(0x0000004f81600000,0x0000004f81700000) (1024K)]
  0x0000016b588a13a0 JavaThread "Monitor Deflation Thread"   daemon [_thread_blocked, id=4408, stack(0x0000004f81700000,0x0000004f81800000) (1024K)]
=>0x0000016b588a29e0 JavaThread "C2 CompilerThread0"         daemon [_thread_in_native, id=22620, stack(0x0000004f81800000,0x0000004f81900000) (1024K)]
  0x0000016b588a3d40 JavaThread "C1 CompilerThread0"         daemon [_thread_blocked, id=16796, stack(0x0000004f81900000,0x0000004f81a00000) (1024K)]
  0x0000016b58991240 JavaThread "Common-Cleaner"             daemon [_thread_blocked, id=11268, stack(0x0000004f81a00000,0x0000004f81b00000) (1024K)]
  0x0000016b9e109ca0 JavaThread "Monitor Ctrl-Break"         daemon [_thread_in_native, id=21316, stack(0x0000004f81c00000,0x0000004f81d00000) (1024K)]
  0x0000016b9e10a310 JavaThread "Notification Thread"        daemon [_thread_blocked, id=5504, stack(0x0000004f81d00000,0x0000004f81e00000) (1024K)]
  0x0000016b9ebd5980 JavaThread "RMI TCP Accept-0"           daemon [_thread_in_native, id=3780, stack(0x0000004f82600000,0x0000004f82700000) (1024K)]
  0x0000016b9e972800 JavaThread "RMI TCP Connection(1)-192.168.56.1" daemon [_thread_in_native, id=14404, stack(0x0000004f82700000,0x0000004f82800000) (1024K)]
  0x0000016b9e8e3620 JavaThread "RMI Scheduler(0)"           daemon [_thread_blocked, id=10840, stack(0x0000004f82800000,0x0000004f82900000) (1024K)]
  0x0000016b9e954cf0 JavaThread "JMX server connection timeout 33" daemon [_thread_blocked, id=20644, stack(0x0000004f82900000,0x0000004f82a00000) (1024K)]
  0x0000016b9fbbd3c0 JavaThread "Catalina-utility-1"                [_thread_blocked, id=16112, stack(0x0000004f82a00000,0x0000004f82b00000) (1024K)]
  0x0000016b9fbbb980 JavaThread "Catalina-utility-2"                [_thread_blocked, id=16776, stack(0x0000004f82c00000,0x0000004f82d00000) (1024K)]
  0x0000016b9fbbb2f0 JavaThread "container-0"                       [_thread_blocked, id=16324, stack(0x0000004f82d00000,0x0000004f82e00000) (1024K)]
  0x0000016b9fbbc010 JavaThread "mysql-cj-abandoned-connection-cleanup" daemon [_thread_blocked, id=14828, stack(0x0000004f82e00000,0x0000004f82f00000) (1024K)]
  0x0000016ba073c7a0 JavaThread "HikariPool-1 housekeeper"   daemon [_thread_blocked, id=20740, stack(0x0000004f83000000,0x0000004f83100000) (1024K)]
  0x0000016ba073db50 JavaThread "http-nio-8080-exec-1"       daemon [_thread_blocked, id=21816, stack(0x0000004f83100000,0x0000004f83200000) (1024K)]
  0x0000016ba073ad60 JavaThread "http-nio-8080-exec-2"       daemon [_thread_blocked, id=22220, stack(0x0000004f83200000,0x0000004f83300000) (1024K)]
  0x0000016ba073e1e0 JavaThread "http-nio-8080-exec-3"       daemon [_thread_blocked, id=9172, stack(0x0000004f83300000,0x0000004f83400000) (1024K)]
  0x0000016ba073e870 JavaThread "http-nio-8080-exec-4"       daemon [_thread_blocked, id=15760, stack(0x0000004f83400000,0x0000004f83500000) (1024K)]
  0x0000016ba073b3f0 JavaThread "http-nio-8080-exec-5"       daemon [_thread_blocked, id=12324, stack(0x0000004f83500000,0x0000004f83600000) (1024K)]
  0x0000016ba07402b0 JavaThread "http-nio-8080-exec-6"       daemon [_thread_blocked, id=10504, stack(0x0000004f83600000,0x0000004f83700000) (1024K)]
  0x0000016ba073ef00 JavaThread "http-nio-8080-exec-7"       daemon [_thread_blocked, id=10904, stack(0x0000004f83700000,0x0000004f83800000) (1024K)]
  0x0000016ba0740fd0 JavaThread "http-nio-8080-exec-8"       daemon [_thread_blocked, id=5844, stack(0x0000004f83800000,0x0000004f83900000) (1024K)]
  0x0000016ba073f590 JavaThread "http-nio-8080-exec-9"       daemon [_thread_blocked, id=9044, stack(0x0000004f83900000,0x0000004f83a00000) (1024K)]
  0x0000016ba0740940 JavaThread "http-nio-8080-exec-10"      daemon [_thread_blocked, id=2392, stack(0x0000004f83a00000,0x0000004f83b00000) (1024K)]
  0x0000016ba073fc20 JavaThread "http-nio-8080-Poller"       daemon [_thread_in_native, id=20956, stack(0x0000004f83b00000,0x0000004f83c00000) (1024K)]
  0x0000016ba0741660 JavaThread "http-nio-8080-Acceptor"     daemon [_thread_in_native, id=5736, stack(0x0000004f83c00000,0x0000004f83d00000) (1024K)]
  0x0000016b9ffc1f80 JavaThread "DestroyJavaVM"                     [_thread_blocked, id=21904, stack(0x0000004f80a00000,0x0000004f80b00000) (1024K)]
Total: 33

Other Threads:
  0x0000016b58732520 VMThread "VM Thread"                           [id=21624, stack(0x0000004f81100000,0x0000004f81200000) (1024K)]
  0x0000016b58719a70 WatcherThread "VM Periodic Task Thread"        [id=19608, stack(0x0000004f81000000,0x0000004f81100000) (1024K)]
  0x0000016b397677b0 WorkerThread "GC Thread#0"                     [id=14380, stack(0x0000004f80b00000,0x0000004f80c00000) (1024K)]
  0x0000016b9e7c0ff0 WorkerThread "GC Thread#1"                     [id=13528, stack(0x0000004f81f00000,0x0000004f82000000) (1024K)]
  0x0000016b9e7c13a0 WorkerThread "GC Thread#2"                     [id=14984, stack(0x0000004f82000000,0x0000004f82100000) (1024K)]
  0x0000016b9e73af50 WorkerThread "GC Thread#3"                     [id=20260, stack(0x0000004f82100000,0x0000004f82200000) (1024K)]
  0x0000016b9e73b710 WorkerThread "GC Thread#4"                     [id=18344, stack(0x0000004f82200000,0x0000004f82300000) (1024K)]
  0x0000016b9e73bac0 WorkerThread "GC Thread#5"                     [id=21756, stack(0x0000004f82300000,0x0000004f82400000) (1024K)]
  0x0000016b9e707f70 WorkerThread "GC Thread#6"                     [id=19004, stack(0x0000004f82400000,0x0000004f82500000) (1024K)]
  0x0000016b9e708320 WorkerThread "GC Thread#7"                     [id=13608, stack(0x0000004f82500000,0x0000004f82600000) (1024K)]
  0x0000016b3763c5d0 ConcurrentGCThread "G1 Main Marker"            [id=11060, stack(0x0000004f80c00000,0x0000004f80d00000) (1024K)]
  0x0000016b3763ebc0 WorkerThread "G1 Conc#0"                       [id=14912, stack(0x0000004f80d00000,0x0000004f80e00000) (1024K)]
  0x0000016b9eb4cb90 WorkerThread "G1 Conc#1"                       [id=2344, stack(0x0000004f82b00000,0x0000004f82c00000) (1024K)]
  0x0000016b585d9650 ConcurrentGCThread "G1 Refine#0"               [id=12400, stack(0x0000004f80e00000,0x0000004f80f00000) (1024K)]
  0x0000016b585d9a90 ConcurrentGCThread "G1 Service"                [id=12136, stack(0x0000004f80f00000,0x0000004f81000000) (1024K)]
Total: 15

Threads with active compile tasks:
C2 CompilerThread0  168734 8184   !   4       java.io.ObjectOutputStream::defaultWriteFields (288 bytes)
Total: 1

VM state: not at safepoint (normal execution)

VM Mutex/Monitor currently owned by a thread: None

Heap address: 0x0000000701e00000, size: 4066 MB, Compressed Oops mode: Zero based, Oop shift amount: 3

CDS archive(s) mapped at: [0x0000016b59000000-0x0000016b59c60000-0x0000016b59c60000), size 12976128, SharedBaseAddress: 0x0000016b59000000, ArchiveRelocationMode: 1.
Compressed class space mapped at: 0x0000016b5a000000-0x0000016b9a000000, reserved size: 1073741824
Narrow klass base: 0x0000016b59000000, Narrow klass shift: 0, Narrow klass range: 0x41000000

GC Precious Log:
 CardTable entry size: 512
 Card Set container configuration: InlinePtr #cards 4 size 8 Array Of Cards #cards 16 size 48 Howl #buckets 8 coarsen threshold 3686 Howl Bitmap #cards 512 size 80 coarsen threshold 460 Card regions per heap region 1 cards per card region 4096
 CPUs: 8 total, 8 available
 Memory: 16258M
 Large Page Support: Disabled
 NUMA Support: Disabled
 Compressed Oops: Enabled (Zero based)
 Heap Region Size: 2M
 Heap Min Capacity: 8M
 Heap Initial Capacity: 256M
 Heap Max Capacity: 4066M
 Pre-touch: Disabled
 Parallel Workers: 8
 Concurrent Workers: 2
 Concurrent Refinement Workers: 8
 Periodic GC: Disabled

Heap:
 garbage-first heap   total reserved 4163584K, committed 159744K, used 73064K [0x0000000701e00000, 0x0000000800000000)
  region size 2048K, 24 young (49152K), 4 survivors (8192K)
 Metaspace       used 79864K, committed 80704K, reserved 1179648K
  class space    used 10991K, committed 11392K, reserved 1048576K

Heap Regions: E=young(eden), S=young(survivor), O=old, HS=humongous(starts), HC=humongous(continues), CS=collection set, F=free, TAMS=top-at-mark-start, PB=parsable bottom
|   0|0x0000000701e00000, 0x0000000702000000, 0x0000000702000000|100%| O|  |TAMS 0x0000000701e00000| PB 0x0000000701e00000| Untracked |  0
|   1|0x0000000702000000, 0x0000000702200000, 0x0000000702200000|100%| O|  |TAMS 0x0000000702000000| PB 0x0000000702000000| Untracked |  0
|   2|0x0000000702200000, 0x0000000702400000, 0x0000000702400000|100%| O|  |TAMS 0x0000000702200000| PB 0x0000000702200000| Untracked |  0
|   3|0x0000000702400000, 0x0000000702600000, 0x0000000702600000|100%| O|  |TAMS 0x0000000702400000| PB 0x0000000702400000| Untracked |  0
|   4|0x0000000702600000, 0x0000000702800000, 0x0000000702800000|100%| O|  |TAMS 0x0000000702600000| PB 0x0000000702600000| Untracked |  0
|   5|0x0000000702800000, 0x0000000702a00000, 0x0000000702a00000|100%| O|  |TAMS 0x0000000702800000| PB 0x0000000702800000| Untracked |  0
|   6|0x0000000702a00000, 0x0000000702c00000, 0x0000000702c00000|100%| O|  |TAMS 0x0000000702a00000| PB 0x0000000702a00000| Untracked |  0
|   7|0x0000000702c00000, 0x0000000702e00000, 0x0000000702e00000|100%| O|  |TAMS 0x0000000702c00000| PB 0x0000000702c00000| Untracked |  0
|   8|0x0000000702e00000, 0x0000000703000000, 0x0000000703000000|100%| O|  |TAMS 0x0000000702e00000| PB 0x0000000702e00000| Untracked |  0
|   9|0x0000000703000000, 0x0000000703000000, 0x0000000703200000|  0%| F|  |TAMS 0x0000000703000000| PB 0x0000000703000000| Untracked |  0
|  10|0x0000000703200000, 0x0000000703400000, 0x0000000703400000|100%| O|  |TAMS 0x0000000703200000| PB 0x0000000703200000| Untracked |  0
|  11|0x0000000703400000, 0x0000000703600000, 0x0000000703600000|100%| O|  |TAMS 0x0000000703400000| PB 0x0000000703400000| Untracked |  0
|  12|0x0000000703600000, 0x000000070375ba98, 0x0000000703800000| 67%| O|  |TAMS 0x0000000703600000| PB 0x0000000703600000| Untracked |  0
|  13|0x0000000703800000, 0x0000000703800000, 0x0000000703a00000|  0%| F|  |TAMS 0x0000000703800000| PB 0x0000000703800000| Untracked |  0
|  14|0x0000000703a00000, 0x0000000703c00000, 0x0000000703c00000|100%| O|  |TAMS 0x0000000703a00000| PB 0x0000000703a00000| Untracked |  0
|  15|0x0000000703c00000, 0x0000000703c00000, 0x0000000703e00000|  0%| F|  |TAMS 0x0000000703c00000| PB 0x0000000703c00000| Untracked |  0
|  16|0x0000000703e00000, 0x0000000703e00000, 0x0000000704000000|  0%| F|  |TAMS 0x0000000703e00000| PB 0x0000000703e00000| Untracked |  0
|  17|0x0000000704000000, 0x0000000704000000, 0x0000000704200000|  0%| F|  |TAMS 0x0000000704000000| PB 0x0000000704000000| Untracked |  0
|  18|0x0000000704200000, 0x0000000704200000, 0x0000000704400000|  0%| F|  |TAMS 0x0000000704200000| PB 0x0000000704200000| Untracked |  0
|  19|0x0000000704400000, 0x0000000704400000, 0x0000000704600000|  0%| F|  |TAMS 0x0000000704400000| PB 0x0000000704400000| Untracked |  0
|  20|0x0000000704600000, 0x0000000704600000, 0x0000000704800000|  0%| F|  |TAMS 0x0000000704600000| PB 0x0000000704600000| Untracked |  0
|  21|0x0000000704800000, 0x0000000704800000, 0x0000000704a00000|  0%| F|  |TAMS 0x0000000704800000| PB 0x0000000704800000| Untracked |  0
|  22|0x0000000704a00000, 0x0000000704a00000, 0x0000000704c00000|  0%| F|  |TAMS 0x0000000704a00000| PB 0x0000000704a00000| Untracked |  0
|  23|0x0000000704c00000, 0x0000000704c00000, 0x0000000704e00000|  0%| F|  |TAMS 0x0000000704c00000| PB 0x0000000704c00000| Untracked |  0
|  24|0x0000000704e00000, 0x0000000704e00000, 0x0000000705000000|  0%| F|  |TAMS 0x0000000704e00000| PB 0x0000000704e00000| Untracked |  0
|  25|0x0000000705000000, 0x0000000705000000, 0x0000000705200000|  0%| F|  |TAMS 0x0000000705000000| PB 0x0000000705000000| Untracked |  0
|  26|0x0000000705200000, 0x0000000705200000, 0x0000000705400000|  0%| F|  |TAMS 0x0000000705200000| PB 0x0000000705200000| Untracked |  0
|  27|0x0000000705400000, 0x0000000705400000, 0x0000000705600000|  0%| F|  |TAMS 0x0000000705400000| PB 0x0000000705400000| Untracked |  0
|  28|0x0000000705600000, 0x0000000705600000, 0x0000000705800000|  0%| F|  |TAMS 0x0000000705600000| PB 0x0000000705600000| Untracked |  0
|  29|0x0000000705800000, 0x0000000705800000, 0x0000000705a00000|  0%| F|  |TAMS 0x0000000705800000| PB 0x0000000705800000| Untracked |  0
|  30|0x0000000705a00000, 0x0000000705bfe8d0, 0x0000000705c00000| 99%| S|CS|TAMS 0x0000000705a00000| PB 0x0000000705a00000| Complete |  0
|  31|0x0000000705c00000, 0x0000000705e00000, 0x0000000705e00000|100%| S|CS|TAMS 0x0000000705c00000| PB 0x0000000705c00000| Complete |  0
|  32|0x0000000705e00000, 0x0000000706000000, 0x0000000706000000|100%| S|CS|TAMS 0x0000000705e00000| PB 0x0000000705e00000| Complete |  0
|  33|0x0000000706000000, 0x0000000706200000, 0x0000000706200000|100%| S|CS|TAMS 0x0000000706000000| PB 0x0000000706000000| Complete |  0
|  34|0x0000000706200000, 0x0000000706200000, 0x0000000706400000|  0%| F|  |TAMS 0x0000000706200000| PB 0x0000000706200000| Untracked |  0
|  35|0x0000000706400000, 0x0000000706400000, 0x0000000706600000|  0%| F|  |TAMS 0x0000000706400000| PB 0x0000000706400000| Untracked |  0
|  36|0x0000000706600000, 0x0000000706600000, 0x0000000706800000|  0%| F|  |TAMS 0x0000000706600000| PB 0x0000000706600000| Untracked |  0
|  37|0x0000000706800000, 0x0000000706800000, 0x0000000706a00000|  0%| F|  |TAMS 0x0000000706800000| PB 0x0000000706800000| Untracked |  0
|  38|0x0000000706a00000, 0x0000000706a00000, 0x0000000706c00000|  0%| F|  |TAMS 0x0000000706a00000| PB 0x0000000706a00000| Untracked |  0
|  39|0x0000000706c00000, 0x0000000706c00000, 0x0000000706e00000|  0%| F|  |TAMS 0x0000000706c00000| PB 0x0000000706c00000| Untracked |  0
|  40|0x0000000706e00000, 0x0000000706e00000, 0x0000000707000000|  0%| F|  |TAMS 0x0000000706e00000| PB 0x0000000706e00000| Untracked |  0
|  41|0x0000000707000000, 0x0000000707000000, 0x0000000707200000|  0%| F|  |TAMS 0x0000000707000000| PB 0x0000000707000000| Untracked |  0
|  42|0x0000000707200000, 0x0000000707200000, 0x0000000707400000|  0%| F|  |TAMS 0x0000000707200000| PB 0x0000000707200000| Untracked |  0
|  43|0x0000000707400000, 0x0000000707400000, 0x0000000707600000|  0%| F|  |TAMS 0x0000000707400000| PB 0x0000000707400000| Untracked |  0
|  44|0x0000000707600000, 0x0000000707600000, 0x0000000707800000|  0%| F|  |TAMS 0x0000000707600000| PB 0x0000000707600000| Untracked |  0
|  45|0x0000000707800000, 0x0000000707800000, 0x0000000707a00000|  0%| F|  |TAMS 0x0000000707800000| PB 0x0000000707800000| Untracked |  0
|  46|0x0000000707a00000, 0x0000000707a00000, 0x0000000707c00000|  0%| F|  |TAMS 0x0000000707a00000| PB 0x0000000707a00000| Untracked |  0
|  47|0x0000000707c00000, 0x0000000707c00000, 0x0000000707e00000|  0%| F|  |TAMS 0x0000000707c00000| PB 0x0000000707c00000| Untracked |  0
|  48|0x0000000707e00000, 0x0000000707e00000, 0x0000000708000000|  0%| F|  |TAMS 0x0000000707e00000| PB 0x0000000707e00000| Untracked |  0
|  49|0x0000000708000000, 0x0000000708000000, 0x0000000708200000|  0%| F|  |TAMS 0x0000000708000000| PB 0x0000000708000000| Untracked |  0
|  50|0x0000000708200000, 0x0000000708200000, 0x0000000708400000|  0%| F|  |TAMS 0x0000000708200000| PB 0x0000000708200000| Untracked |  0
|  51|0x0000000708400000, 0x0000000708400000, 0x0000000708600000|  0%| F|  |TAMS 0x0000000708400000| PB 0x0000000708400000| Untracked |  0
|  52|0x0000000708600000, 0x0000000708600000, 0x0000000708800000|  0%| F|  |TAMS 0x0000000708600000| PB 0x0000000708600000| Untracked |  0
|  53|0x0000000708800000, 0x0000000708800000, 0x0000000708a00000|  0%| F|  |TAMS 0x0000000708800000| PB 0x0000000708800000| Untracked |  0
|  54|0x0000000708a00000, 0x0000000708a00000, 0x0000000708c00000|  0%| F|  |TAMS 0x0000000708a00000| PB 0x0000000708a00000| Untracked |  0
|  55|0x0000000708c00000, 0x0000000708c00000, 0x0000000708e00000|  0%| F|  |TAMS 0x0000000708c00000| PB 0x0000000708c00000| Untracked |  0
|  56|0x0000000708e00000, 0x0000000708e00000, 0x0000000709000000|  0%| F|  |TAMS 0x0000000708e00000| PB 0x0000000708e00000| Untracked |  0
|  57|0x0000000709000000, 0x0000000709000000, 0x0000000709200000|  0%| F|  |TAMS 0x0000000709000000| PB 0x0000000709000000| Untracked |  0
|  58|0x0000000709200000, 0x00000007093b6448, 0x0000000709400000| 85%| E|  |TAMS 0x0000000709200000| PB 0x0000000709200000| Complete |  0
|  59|0x0000000709400000, 0x0000000709600000, 0x0000000709600000|100%| E|CS|TAMS 0x0000000709400000| PB 0x0000000709400000| Complete |  0
|  60|0x0000000709600000, 0x0000000709800000, 0x0000000709800000|100%| E|CS|TAMS 0x0000000709600000| PB 0x0000000709600000| Complete |  0
|  61|0x0000000709800000, 0x0000000709a00000, 0x0000000709a00000|100%| E|CS|TAMS 0x0000000709800000| PB 0x0000000709800000| Complete |  0
|  62|0x0000000709a00000, 0x0000000709c00000, 0x0000000709c00000|100%| E|CS|TAMS 0x0000000709a00000| PB 0x0000000709a00000| Complete |  0
|  63|0x0000000709c00000, 0x0000000709e00000, 0x0000000709e00000|100%| E|CS|TAMS 0x0000000709c00000| PB 0x0000000709c00000| Complete |  0
|  64|0x0000000709e00000, 0x000000070a000000, 0x000000070a000000|100%| E|CS|TAMS 0x0000000709e00000| PB 0x0000000709e00000| Complete |  0
|  65|0x000000070a000000, 0x000000070a200000, 0x000000070a200000|100%| E|CS|TAMS 0x000000070a000000| PB 0x000000070a000000| Complete |  0
|  66|0x000000070a200000, 0x000000070a400000, 0x000000070a400000|100%| E|CS|TAMS 0x000000070a200000| PB 0x000000070a200000| Complete |  0
|  67|0x000000070a400000, 0x000000070a600000, 0x000000070a600000|100%| E|CS|TAMS 0x000000070a400000| PB 0x000000070a400000| Complete |  0
|  68|0x000000070a600000, 0x000000070a800000, 0x000000070a800000|100%| E|CS|TAMS 0x000000070a600000| PB 0x000000070a600000| Complete |  0
|  69|0x000000070a800000, 0x000000070aa00000, 0x000000070aa00000|100%| E|CS|TAMS 0x000000070a800000| PB 0x000000070a800000| Complete |  0
|  70|0x000000070aa00000, 0x000000070ac00000, 0x000000070ac00000|100%| E|CS|TAMS 0x000000070aa00000| PB 0x000000070aa00000| Complete |  0
|  71|0x000000070ac00000, 0x000000070ae00000, 0x000000070ae00000|100%| E|CS|TAMS 0x000000070ac00000| PB 0x000000070ac00000| Complete |  0
|  72|0x000000070ae00000, 0x000000070b000000, 0x000000070b000000|100%| E|CS|TAMS 0x000000070ae00000| PB 0x000000070ae00000| Complete |  0
| 110|0x000000070fa00000, 0x000000070fc00000, 0x000000070fc00000|100%| E|CS|TAMS 0x000000070fa00000| PB 0x000000070fa00000| Complete |  0
| 113|0x0000000710000000, 0x0000000710200000, 0x0000000710200000|100%| E|CS|TAMS 0x0000000710000000| PB 0x0000000710000000| Complete |  0
| 114|0x0000000710200000, 0x0000000710400000, 0x0000000710400000|100%| E|CS|TAMS 0x0000000710200000| PB 0x0000000710200000| Complete |  0
| 126|0x0000000711a00000, 0x0000000711c00000, 0x0000000711c00000|100%| E|CS|TAMS 0x0000000711a00000| PB 0x0000000711a00000| Complete |  0
| 127|0x0000000711c00000, 0x0000000711e00000, 0x0000000711e00000|100%| E|CS|TAMS 0x0000000711c00000| PB 0x0000000711c00000| Complete |  0

Card table byte_map: [0x0000016b51560000,0x0000016b51d60000] _byte_map_base: 0x0000016b4dd51000

Marking Bits: (CMBitMap*) 0x0000016b3763bf60
 Bits: [0x0000016b51d60000, 0x0000016b55ce8000)

Polling page: 0x0000016b38e50000

Metaspace:

Usage:
  Non-class:     67.26 MB used.
      Class:     10.73 MB used.
       Both:     77.99 MB used.

Virtual space:
  Non-class space:      128.00 MB reserved,      67.69 MB ( 53%) committed,  2 nodes.
      Class space:        1.00 GB reserved,      11.12 MB (  1%) committed,  1 nodes.
             Both:        1.12 GB reserved,      78.81 MB (  7%) committed. 

Chunk freelists:
   Non-Class:  12.35 MB
       Class:  4.93 MB
        Both:  17.28 MB

MaxMetaspaceSize: unlimited
CompressedClassSpaceSize: 1.00 GB
Initial GC threshold: 21.00 MB
Current GC threshold: 99.69 MB
CDS: on
 - commit_granule_bytes: 65536.
 - commit_granule_words: 8192.
 - virtual_space_node_default_size: 8388608.
 - enlarge_chunks_in_place: 1.
 - use_allocation_guard: 0.


Internal statistics:

num_allocs_failed_limit: 9.
num_arena_births: 1108.
num_arena_deaths: 0.
num_vsnodes_births: 3.
num_vsnodes_deaths: 0.
num_space_committed: 1261.
num_space_uncommitted: 0.
num_chunks_returned_to_freelist: 9.
num_chunks_taken_from_freelist: 3782.
num_chunk_merges: 9.
num_chunk_splits: 2721.
num_chunks_enlarged: 2134.
num_inconsistent_stats: 0.

CodeHeap 'non-profiled nmethods': size=120000Kb used=5289Kb max_used=5289Kb free=114710Kb
 bounds [0x0000016b49500000, 0x0000016b49a30000, 0x0000016b50a30000]
CodeHeap 'profiled nmethods': size=120000Kb used=14306Kb max_used=14306Kb free=105693Kb
 bounds [0x0000016b41a30000, 0x0000016b42830000, 0x0000016b48f60000]
CodeHeap 'non-nmethods': size=5760Kb used=1779Kb max_used=1846Kb free=3980Kb
 bounds [0x0000016b48f60000, 0x0000016b491d0000, 0x0000016b49500000]
 total_blobs=8267 nmethods=7480 adapters=690
 compilation: enabled
              stopped_count=0, restarted_count=0
 full_count=0

Compilation events (20 events):
Event: 155.747 Thread 0x0000016b588a3d40 8175       1       org.apache.catalina.LifecycleState::isAvailable (5 bytes)
Event: 155.747 Thread 0x0000016b588a3d40 nmethod 8175 0x0000016b49a27790 code [0x0000016b49a27920, 0x0000016b49a279f0]
Event: 155.754 Thread 0x0000016b588a29e0 nmethod 8174 0x0000016b49a27a90 code [0x0000016b49a27c80, 0x0000016b49a28618]
Event: 157.787 Thread 0x0000016b588a29e0 8176       4       java.io.ObjectInputStream$PeekInputStream::peek (49 bytes)
Event: 157.799 Thread 0x0000016b588a29e0 nmethod 8176 0x0000016b49a28c10 code [0x0000016b49a28e20, 0x0000016b49a296b8]
Event: 163.001 Thread 0x0000016b588a29e0 8177       4       java.lang.invoke.DirectMethodHandle$Holder::invokeStatic (14 bytes)
Event: 163.002 Thread 0x0000016b588a29e0 nmethod 8177 0x0000016b49a29c10 code [0x0000016b49a29da0, 0x0000016b49a29e80]
Event: 164.049 Thread 0x0000016b588a3d40 8178   !   3       sun.rmi.transport.StreamRemoteCall::releaseOutputStream (60 bytes)
Event: 164.050 Thread 0x0000016b588a3d40 nmethod 8178 0x0000016b42825310 code [0x0000016b42825560, 0x0000016b42825db0]
Event: 164.050 Thread 0x0000016b588a3d40 8179   !   3       sun.rmi.server.UnicastServerRef::logCall (65 bytes)
Event: 164.052 Thread 0x0000016b588a3d40 nmethod 8179 0x0000016b42826290 code [0x0000016b42826540, 0x0000016b428271d0]
Event: 165.750 Thread 0x0000016b588a3d40 8180       1       org.apache.catalina.webresources.CachedResource::getNextCheck (5 bytes)
Event: 165.750 Thread 0x0000016b588a3d40 nmethod 8180 0x0000016b49a29f90 code [0x0000016b49a2a120, 0x0000016b49a2a1f0]
Event: 165.750 Thread 0x0000016b588a3d40 8181       1       org.apache.catalina.valves.ValveBase::getNext (5 bytes)
Event: 165.750 Thread 0x0000016b588a3d40 nmethod 8181 0x0000016b49a2a290 code [0x0000016b49a2a420, 0x0000016b49a2a4f0]
Event: 166.032 Thread 0x0000016b588a3d40 8182       3       java.util.concurrent.locks.AbstractQueuedSynchronizer::enqueue (72 bytes)
Event: 166.032 Thread 0x0000016b588a3d40 nmethod 8182 0x0000016b42827790 code [0x0000016b428279c0, 0x0000016b428280a8]
Event: 167.032 Thread 0x0000016b588a3d40 8183       3       java.util.concurrent.locks.AbstractQueuedSynchronizer$ConditionObject::doSignal (54 bytes)
Event: 167.032 Thread 0x0000016b588a3d40 nmethod 8183 0x0000016b42828310 code [0x0000016b428284e0, 0x0000016b42828890]
Event: 168.230 Thread 0x0000016b588a29e0 8184   !   4       java.io.ObjectOutputStream::defaultWriteFields (288 bytes)

GC Heap History (20 events):
Event: 5.204 GC heap before
{Heap before GC invocations=6 (full 0):
 garbage-first heap   total reserved 4163584K, committed 55296K, used 40378K [0x0000000701e00000, 0x0000000800000000)
  region size 2048K, 13 young (26624K), 1 survivors (2048K)
 Metaspace       used 31460K, committed 32064K, reserved 1114112K
  class space    used 4019K, committed 4288K, reserved 1048576K
}
Event: 5.212 GC heap after
{Heap after GC invocations=7 (full 0):
 garbage-first heap   total reserved 4163584K, committed 55296K, used 20267K [0x0000000701e00000, 0x0000000800000000)
  region size 2048K, 2 young (4096K), 2 survivors (4096K)
 Metaspace       used 31460K, committed 32064K, reserved 1114112K
  class space    used 4019K, committed 4288K, reserved 1048576K
}
Event: 6.012 GC heap before
{Heap before GC invocations=7 (full 0):
 garbage-first heap   total reserved 4163584K, committed 55296K, used 40747K [0x0000000701e00000, 0x0000000800000000)
  region size 2048K, 13 young (26624K), 2 survivors (4096K)
 Metaspace       used 35304K, committed 35904K, reserved 1114112K
  class space    used 4480K, committed 4736K, reserved 1048576K
}
Event: 6.018 GC heap after
{Heap after GC invocations=8 (full 0):
 garbage-first heap   total reserved 4163584K, committed 55296K, used 22347K [0x0000000701e00000, 0x0000000800000000)
  region size 2048K, 1 young (2048K), 1 survivors (2048K)
 Metaspace       used 35304K, committed 35904K, reserved 1114112K
  class space    used 4480K, committed 4736K, reserved 1048576K
}
Event: 6.054 GC heap before
{Heap before GC invocations=8 (full 0):
 garbage-first heap   total reserved 4163584K, committed 55296K, used 22347K [0x0000000701e00000, 0x0000000800000000)
  region size 2048K, 2 young (4096K), 1 survivors (2048K)
 Metaspace       used 35737K, committed 36288K, reserved 1114112K
  class space    used 4524K, committed 4800K, reserved 1048576K
}
Event: 6.057 GC heap after
{Heap after GC invocations=9 (full 0):
 garbage-first heap   total reserved 4163584K, committed 55296K, used 22486K [0x0000000701e00000, 0x0000000800000000)
  region size 2048K, 1 young (2048K), 1 survivors (2048K)
 Metaspace       used 35737K, committed 36288K, reserved 1114112K
  class space    used 4524K, committed 4800K, reserved 1048576K
}
Event: 7.353 GC heap before
{Heap before GC invocations=10 (full 0):
 garbage-first heap   total reserved 4163584K, committed 55296K, used 47062K [0x0000000701e00000, 0x0000000800000000)
  region size 2048K, 13 young (26624K), 1 survivors (2048K)
 Metaspace       used 44773K, committed 45376K, reserved 1114112K
  class space    used 5686K, committed 5952K, reserved 1048576K
}
Event: 7.357 GC heap after
{Heap after GC invocations=11 (full 0):
 garbage-first heap   total reserved 4163584K, committed 55296K, used 24748K [0x0000000701e00000, 0x0000000800000000)
  region size 2048K, 2 young (4096K), 2 survivors (4096K)
 Metaspace       used 44773K, committed 45376K, reserved 1114112K
  class space    used 5686K, committed 5952K, reserved 1048576K
}
Event: 8.382 GC heap before
{Heap before GC invocations=11 (full 0):
 garbage-first heap   total reserved 4163584K, committed 55296K, used 45228K [0x0000000701e00000, 0x0000000800000000)
  region size 2048K, 12 young (24576K), 2 survivors (4096K)
 Metaspace       used 49974K, committed 50624K, reserved 1114112K
  class space    used 6532K, committed 6784K, reserved 1048576K
}
Event: 8.387 GC heap after
{Heap after GC invocations=12 (full 0):
 garbage-first heap   total reserved 4163584K, committed 55296K, used 25123K [0x0000000701e00000, 0x0000000800000000)
  region size 2048K, 1 young (2048K), 1 survivors (2048K)
 Metaspace       used 49974K, committed 50624K, reserved 1114112K
  class space    used 6532K, committed 6784K, reserved 1048576K
}
Event: 9.184 GC heap before
{Heap before GC invocations=12 (full 0):
 garbage-first heap   total reserved 4163584K, committed 55296K, used 47651K [0x0000000701e00000, 0x0000000800000000)
  region size 2048K, 12 young (24576K), 1 survivors (2048K)
 Metaspace       used 55527K, committed 56192K, reserved 1114112K
  class space    used 7204K, committed 7488K, reserved 1048576K
}
Event: 9.188 GC heap after
{Heap after GC invocations=13 (full 0):
 garbage-first heap   total reserved 4163584K, committed 55296K, used 26404K [0x0000000701e00000, 0x0000000800000000)
  region size 2048K, 2 young (4096K), 2 survivors (4096K)
 Metaspace       used 55527K, committed 56192K, reserved 1114112K
  class space    used 7204K, committed 7488K, reserved 1048576K
}
Event: 9.671 GC heap before
{Heap before GC invocations=13 (full 0):
 garbage-first heap   total reserved 4163584K, committed 55296K, used 44836K [0x0000000701e00000, 0x0000000800000000)
  region size 2048K, 11 young (22528K), 2 survivors (4096K)
 Metaspace       used 60092K, committed 60736K, reserved 1114112K
  class space    used 8057K, committed 8320K, reserved 1048576K
}
Event: 9.675 GC heap after
{Heap after GC invocations=14 (full 0):
 garbage-first heap   total reserved 4163584K, committed 55296K, used 27155K [0x0000000701e00000, 0x0000000800000000)
  region size 2048K, 2 young (4096K), 2 survivors (4096K)
 Metaspace       used 60092K, committed 60736K, reserved 1114112K
  class space    used 8057K, committed 8320K, reserved 1048576K
}
Event: 9.822 GC heap before
{Heap before GC invocations=14 (full 0):
 garbage-first heap   total reserved 4163584K, committed 55296K, used 35347K [0x0000000701e00000, 0x0000000800000000)
  region size 2048K, 7 young (14336K), 2 survivors (4096K)
 Metaspace       used 60358K, committed 60928K, reserved 1114112K
  class space    used 8078K, committed 8320K, reserved 1048576K
}
Event: 9.825 GC heap after
{Heap after GC invocations=15 (full 0):
 garbage-first heap   total reserved 4163584K, committed 55296K, used 27294K [0x0000000701e00000, 0x0000000800000000)
  region size 2048K, 2 young (4096K), 2 survivors (4096K)
 Metaspace       used 60358K, committed 60928K, reserved 1114112K
  class space    used 8078K, committed 8320K, reserved 1048576K
}
Event: 10.312 GC heap before
{Heap before GC invocations=16 (full 0):
 garbage-first heap   total reserved 4163584K, committed 55296K, used 41630K [0x0000000701e00000, 0x0000000800000000)
  region size 2048K, 10 young (20480K), 2 survivors (4096K)
 Metaspace       used 63821K, committed 64512K, reserved 1114112K
  class space    used 8616K, committed 8896K, reserved 1048576K
}
Event: 10.317 GC heap after
{Heap after GC invocations=17 (full 0):
 garbage-first heap   total reserved 4163584K, committed 159744K, used 28813K [0x0000000701e00000, 0x0000000800000000)
  region size 2048K, 2 young (4096K), 2 survivors (4096K)
 Metaspace       used 63821K, committed 64512K, reserved 1114112K
  class space    used 8616K, committed 8896K, reserved 1048576K
}
Event: 12.434 GC heap before
{Heap before GC invocations=17 (full 0):
 garbage-first heap   total reserved 4163584K, committed 159744K, used 116877K [0x0000000701e00000, 0x0000000800000000)
  region size 2048K, 46 young (94208K), 2 survivors (4096K)
 Metaspace       used 73591K, committed 74368K, reserved 1114112K
  class space    used 10199K, committed 10560K, reserved 1048576K
}
Event: 12.444 GC heap after
{Heap after GC invocations=18 (full 0):
 garbage-first heap   total reserved 4163584K, committed 159744K, used 34152K [0x0000000701e00000, 0x0000000800000000)
  region size 2048K, 4 young (8192K), 4 survivors (8192K)
 Metaspace       used 73591K, committed 74368K, reserved 1114112K
  class space    used 10199K, committed 10560K, reserved 1048576K
}

Dll operation events (14 events):
Event: 0.019 Loaded shared library C:\Program Files\Java\jdk-22.0.1\bin\java.dll
Event: 0.070 Loaded shared library C:\Program Files\Java\jdk-22.0.1\bin\jsvml.dll
Event: 0.240 Loaded shared library C:\Program Files\Java\jdk-22.0.1\bin\zip.dll
Event: 0.244 Loaded shared library C:\Program Files\Java\jdk-22.0.1\bin\instrument.dll
Event: 0.250 Loaded shared library C:\Program Files\Java\jdk-22.0.1\bin\net.dll
Event: 0.254 Loaded shared library C:\Program Files\Java\jdk-22.0.1\bin\nio.dll
Event: 0.260 Loaded shared library C:\Program Files\Java\jdk-22.0.1\bin\zip.dll
Event: 0.305 Loaded shared library C:\Program Files\Java\jdk-22.0.1\bin\jimage.dll
Event: 0.463 Loaded shared library C:\Program Files\Java\jdk-22.0.1\bin\extnet.dll
Event: 0.477 Loaded shared library C:\Program Files\Java\jdk-22.0.1\bin\management.dll
Event: 0.492 Loaded shared library C:\Program Files\Java\jdk-22.0.1\bin\management_ext.dll
Event: 1.754 Loaded shared library C:\Program Files\Java\jdk-22.0.1\bin\le.dll
Event: 2.460 Loaded shared library C:\Program Files\Java\jdk-22.0.1\bin\sunmscapi.dll
Event: 7.442 Loaded shared library C:\Program Files\Java\jdk-22.0.1\bin\verify.dll

Deoptimization events (20 events):
Event: 27.105 Thread 0x0000016ba073ad60 DEOPT PACKING pc=0x0000016b499a13f8 sp=0x0000004f832fcf00
Event: 27.105 Thread 0x0000016ba073ad60 DEOPT UNPACKING pc=0x0000016b48fb46a2 sp=0x0000004f832fcee8 mode 2
Event: 27.152 Thread 0x0000016ba073ad60 Uncommon trap: trap_request=0xffffffde fr.pc=0x0000016b499a7994 relative=0x0000000000000554
Event: 27.152 Thread 0x0000016ba073ad60 Uncommon trap: reason=class_check action=maybe_recompile pc=0x0000016b499a7994 method=org.springframework.core.annotation.AnnotatedElementUtils.getAnnotationAttributes(Lorg/springframework/core/annotation/MergedAnnotation;ZZ)Lorg/springframework/core/anno
Event: 27.152 Thread 0x0000016ba073ad60 DEOPT PACKING pc=0x0000016b499a7994 sp=0x0000004f832fcc00
Event: 27.152 Thread 0x0000016ba073ad60 DEOPT UNPACKING pc=0x0000016b48fb46a2 sp=0x0000004f832fca50 mode 2
Event: 27.242 Thread 0x0000016ba073ad60 DEOPT PACKING pc=0x0000016b41a65152 sp=0x0000004f832f96f0
Event: 27.242 Thread 0x0000016ba073ad60 DEOPT UNPACKING pc=0x0000016b48fb4e42 sp=0x0000004f832f8be0 mode 0
Event: 27.243 Thread 0x0000016ba073ad60 Uncommon trap: trap_request=0xffffff45 fr.pc=0x0000016b497c6b58 relative=0x0000000000000298
Event: 27.243 Thread 0x0000016ba073ad60 Uncommon trap: reason=unstable_if action=reinterpret pc=0x0000016b497c6b58 method=com.sun.crypto.provider.CounterMode.increment([B)V @ 18 c2
Event: 27.243 Thread 0x0000016ba073ad60 DEOPT PACKING pc=0x0000016b497c6b58 sp=0x0000004f832f9700
Event: 27.243 Thread 0x0000016ba073ad60 DEOPT UNPACKING pc=0x0000016b48fb46a2 sp=0x0000004f832f9680 mode 2
Event: 27.432 Thread 0x0000016ba073ad60 Uncommon trap: trap_request=0xffffff45 fr.pc=0x0000016b496e2b08 relative=0x00000000000002e8
Event: 27.432 Thread 0x0000016ba073ad60 Uncommon trap: reason=unstable_if action=reinterpret pc=0x0000016b496e2b08 method=java.util.Arrays$ArrayList.indexOf(Ljava/lang/Object;)I @ 6 c2
Event: 27.432 Thread 0x0000016ba073ad60 DEOPT PACKING pc=0x0000016b496e2b08 sp=0x0000004f832fc2a0
Event: 27.432 Thread 0x0000016ba073ad60 DEOPT UNPACKING pc=0x0000016b48fb46a2 sp=0x0000004f832fc230 mode 2
Event: 27.433 Thread 0x0000016ba073ad60 Uncommon trap: trap_request=0xfffffff4 fr.pc=0x0000016b498415f4 relative=0x0000000000000394
Event: 27.433 Thread 0x0000016ba073ad60 Uncommon trap: reason=null_check action=make_not_entrant pc=0x0000016b498415f4 method=java.lang.Class.getGenericSuperclass()Ljava/lang/reflect/Type; @ 10 c2
Event: 27.433 Thread 0x0000016ba073ad60 DEOPT PACKING pc=0x0000016b498415f4 sp=0x0000004f832fc7e0
Event: 27.433 Thread 0x0000016ba073ad60 DEOPT UNPACKING pc=0x0000016b48fb46a2 sp=0x0000004f832fc798 mode 2

Classes loaded (20 events):
Event: 27.331 Loading class jdk/internal/reflect/MethodHandleBooleanFieldAccessorImpl
Event: 27.331 Loading class jdk/internal/reflect/MethodHandleBooleanFieldAccessorImpl done
Event: 27.332 Loading class jdk/internal/reflect/MethodHandleDoubleFieldAccessorImpl
Event: 27.332 Loading class jdk/internal/reflect/MethodHandleDoubleFieldAccessorImpl done
Event: 27.363 Loading class java/time/format/DateTimeFormatterBuilder$ZoneTextPrinterParser
Event: 27.364 Loading class java/time/format/DateTimeFormatterBuilder$ZoneTextPrinterParser done
Event: 27.364 Loading class java/time/format/DateTimeFormatterBuilder$ReducedPrinterParser
Event: 27.365 Loading class java/time/format/DateTimeFormatterBuilder$ReducedPrinterParser done
Event: 27.373 Loading class java/util/OptionalLong
Event: 27.373 Loading class java/util/OptionalLong done
Event: 27.374 Loading class java/util/OptionalDouble
Event: 27.374 Loading class java/util/OptionalDouble done
Event: 27.387 Loading class java/util/stream/LongStream
Event: 27.388 Loading class java/util/stream/LongStream done
Event: 27.388 Loading class java/util/stream/DoubleStream
Event: 27.389 Loading class java/util/stream/DoubleStream done
Event: 27.424 Loading class org/w3c/dom/Node
Event: 27.424 Loading class org/w3c/dom/Node done
Event: 27.424 Loading class org/w3c/dom/Document
Event: 27.425 Loading class org/w3c/dom/Document done

Classes unloaded (0 events):
No events

Classes redefined (0 events):
No events

Internal exceptions (20 events):
Event: 11.843 Thread 0x0000016b37589fb0 Exception <a 'java/lang/IncompatibleClassChangeError'{0x0000000707720020}: Found class java.lang.Object, but interface was expected> (0x0000000707720020) 
thrown [s\open\src\hotspot\share\interpreter\linkResolver.cpp, line 841]
Event: 12.260 Thread 0x0000016b37589fb0 Exception <a 'java/lang/NoSuchMethodError'{0x00000007067f9570}: 'java.lang.Object java.lang.invoke.DirectMethodHandle$Holder.newInvokeSpecial(java.lang.Object, java.lang.Object, java.lang.Object, java.lang.Object, java.lang.Object, java.lang.Object, java.lang.Object, java.lang.Object)'> (0x00000007067f9570) 
thrown [s\open\src\hotspot\share\interpreter\linkResolver.cpp, line 774]
Event: 12.645 Thread 0x0000016b37589fb0 Exception <a 'java/lang/IncompatibleClassChangeError'{0x000000071019cc20}: Found class java.lang.Object, but interface was expected> (0x000000071019cc20) 
thrown [s\open\src\hotspot\share\interpreter\linkResolver.cpp, line 841]
Event: 12.709 Thread 0x0000016b37589fb0 Exception <a 'java/lang/NoSuchMethodError'{0x000000070fb31db8}: 'void java.lang.invoke.DirectMethodHandle$Holder.invokeVirtual(java.lang.Object, java.lang.Object, long)'> (0x000000070fb31db8) 
thrown [s\open\src\hotspot\share\interpreter\linkResolver.cpp, line 774]
Event: 12.785 Thread 0x0000016b37589fb0 Exception <a 'java/lang/NoSuchMethodError'{0x000000070af8dec8}: 'int java.lang.invoke.DirectMethodHandle$Holder.invokeStaticInit(java.lang.Object, java.lang.Object, java.lang.Object, java.lang.Object)'> (0x000000070af8dec8) 
thrown [s\open\src\hotspot\share\interpreter\linkResolver.cpp, line 774]
Event: 12.855 Thread 0x0000016b37589fb0 Exception <a 'java/lang/IncompatibleClassChangeError'{0x000000070ad446e0}: Found class java.lang.Object, but interface was expected> (0x000000070ad446e0) 
thrown [s\open\src\hotspot\share\interpreter\linkResolver.cpp, line 841]
Event: 12.872 Thread 0x0000016b37589fb0 Implicit null exception at 0x0000016b496a7eeb to 0x0000016b496a8170
Event: 12.910 Thread 0x0000016b37589fb0 Exception <a 'java/lang/NoSuchMethodError'{0x000000070aaac120}: 'java.lang.Object java.lang.invoke.Invokers$Holder.invoke_MT(java.lang.Object, java.lang.Object, java.lang.Object, java.lang.Object, java.lang.Object, java.lang.Object, java.lang.Object, java.lang.Object, java.lang.Object, java.lang.Object, java.lang.Object)'> (0x000000070aaac120) 
thrown [s\open\src\hotspot\share\interpreter\linkResolver.cpp, line 774]
Event: 12.988 Thread 0x0000016b37589fb0 Exception <a 'java/lang/NoSuchMethodError'{0x000000070a946858}: 'java.lang.Object java.lang.invoke.DirectMethodHandle$Holder.newInvokeSpecial(java.lang.Object, java.lang.Object, int, java.lang.Object, java.lang.Object)'> (0x000000070a946858) 
thrown [s\open\src\hotspot\share\interpreter\linkResolver.cpp, line 774]
Event: 27.015 Thread 0x0000016ba073ad60 Exception <a 'java/lang/NoSuchMethodError'{0x000000070a0d04e8}: 'java.lang.Object java.lang.invoke.DirectMethodHandle$Holder.invokeSpecial(java.lang.Object, java.lang.Object, java.lang.Object, java.lang.Object, java.lang.Object, long)'> (0x000000070a0d04e8) 
thrown [s\open\src\hotspot\share\interpreter\linkResolver.cpp, line 774]
Event: 27.015 Thread 0x0000016ba073ad60 Exception <a 'java/lang/NoSuchMethodError'{0x000000070a0d3c60}: 'java.lang.Object java.lang.invoke.Invokers$Holder.linkToTargetMethod(java.lang.Object, java.lang.Object, java.lang.Object, long, java.lang.Object)'> (0x000000070a0d3c60) 
thrown [s\open\src\hotspot\share\interpreter\linkResolver.cpp, line 774]
Event: 27.138 Thread 0x0000016ba073ad60 Exception <a 'java/lang/NoSuchMethodError'{0x0000000709fdb0a8}: 'java.lang.Object java.lang.invoke.DirectMethodHandle$Holder.invokeVirtual(java.lang.Object, java.lang.Object, int)'> (0x0000000709fdb0a8) 
thrown [s\open\src\hotspot\share\interpreter\linkResolver.cpp, line 774]
Event: 27.169 Thread 0x0000016ba073ad60 Exception <a 'java/lang/NoSuchMethodError'{0x0000000709c83150}: 'java.lang.Object java.lang.invoke.DirectMethodHandle$Holder.invokeInterface(java.lang.Object, java.lang.Object, java.lang.Object, java.lang.Object)'> (0x0000000709c83150) 
thrown [s\open\src\hotspot\share\interpreter\linkResolver.cpp, line 774]
Event: 27.198 Thread 0x0000016ba073ad60 Exception <a 'java/lang/NoSuchMethodError'{0x0000000709ce3100}: 'void java.lang.invoke.DirectMethodHandle$Holder.invokeSpecialIFC(java.lang.Object, java.lang.Object, int, java.lang.Object, java.lang.Object, java.lang.Object, java.lang.Object)'> (0x0000000709ce3100) 
thrown [s\open\src\hotspot\share\interpreter\linkResolver.cpp, line 774]
Event: 27.288 Thread 0x0000016ba073ad60 Exception <a 'java/lang/NoSuchMethodError'{0x0000000709b00a70}: 'void java.lang.invoke.Invokers$Holder.invokeExact_MT(java.lang.Object, java.lang.Object, int, java.lang.Object)'> (0x0000000709b00a70) 
thrown [s\open\src\hotspot\share\interpreter\linkResolver.cpp, line 774]
Event: 27.333 Thread 0x0000016ba073ad60 Exception <a 'java/lang/NoSuchMethodError'{0x0000000709bf8fe8}: 'void java.lang.invoke.DelegatingMethodHandle$Holder.reinvoke_L(java.lang.Object, java.lang.Object, double)'> (0x0000000709bf8fe8) 
thrown [s\open\src\hotspot\share\interpreter\linkResolver.cpp, line 774]
Event: 27.432 Thread 0x0000016ba073ad60 Implicit null exception at 0x0000016b496e2866 to 0x0000016b496e2af0
Event: 27.433 Thread 0x0000016ba073ad60 Implicit null exception at 0x0000016b49841312 to 0x0000016b498415e5
Event: 27.546 Thread 0x0000016ba073ad60 Exception <a 'java/lang/IncompatibleClassChangeError'{0x0000000709727560}: Found class java.lang.Object, but interface was expected> (0x0000000709727560) 
thrown [s\open\src\hotspot\share\interpreter\linkResolver.cpp, line 841]
Event: 27.551 Thread 0x0000016ba073ad60 Exception <a 'java/lang/NoSuchMethodError'{0x0000000709736758}: 'double java.lang.invoke.DirectMethodHandle$Holder.invokeVirtual(java.lang.Object, java.lang.Object)'> (0x0000000709736758) 
thrown [s\open\src\hotspot\share\interpreter\linkResolver.cpp, line 774]

ZGC Phase Switch (0 events):
No events

VM Operations (20 events):
Event: 88.432 Executing VM operation: Cleanup
Event: 88.432 Executing VM operation: Cleanup done
Event: 92.483 Executing VM operation: Cleanup
Event: 92.484 Executing VM operation: Cleanup done
Event: 93.490 Executing VM operation: Cleanup
Event: 93.490 Executing VM operation: Cleanup done
Event: 98.531 Executing VM operation: Cleanup
Event: 98.531 Executing VM operation: Cleanup done
Event: 106.573 Executing VM operation: Cleanup
Event: 106.573 Executing VM operation: Cleanup done
Event: 117.723 Executing VM operation: Cleanup
Event: 117.723 Executing VM operation: Cleanup done
Event: 121.760 Executing VM operation: Cleanup
Event: 121.760 Executing VM operation: Cleanup done
Event: 132.846 Executing VM operation: Cleanup
Event: 132.846 Executing VM operation: Cleanup done
Event: 151.986 Executing VM operation: Cleanup
Event: 151.986 Executing VM operation: Cleanup done
Event: 157.022 Executing VM operation: Cleanup
Event: 157.022 Executing VM operation: Cleanup done

Events (20 events):
Event: 9.853 Thread 0x0000016b58732520 flushing nmethod 0x0000016b421f8c90
Event: 12.238 Thread 0x0000016ba073d4c0 Thread exited: 0x0000016ba073d4c0
Event: 13.001 Thread 0x0000016ba073db50 Thread added: 0x0000016ba073db50
Event: 13.001 Thread 0x0000016ba073ad60 Thread added: 0x0000016ba073ad60
Event: 13.001 Thread 0x0000016ba073e1e0 Thread added: 0x0000016ba073e1e0
Event: 13.002 Thread 0x0000016ba073e870 Thread added: 0x0000016ba073e870
Event: 13.002 Thread 0x0000016ba073b3f0 Thread added: 0x0000016ba073b3f0
Event: 13.002 Thread 0x0000016ba07402b0 Thread added: 0x0000016ba07402b0
Event: 13.002 Thread 0x0000016ba073ef00 Thread added: 0x0000016ba073ef00
Event: 13.002 Thread 0x0000016ba0740fd0 Thread added: 0x0000016ba0740fd0
Event: 13.002 Thread 0x0000016ba073f590 Thread added: 0x0000016ba073f590
Event: 13.003 Thread 0x0000016ba0740940 Thread added: 0x0000016ba0740940
Event: 13.027 Thread 0x0000016ba073fc20 Thread added: 0x0000016ba073fc20
Event: 13.029 Thread 0x0000016ba0741660 Thread added: 0x0000016ba0741660
Event: 13.057 Thread 0x0000016b37589fb0 Thread exited: 0x0000016b37589fb0
Event: 13.057 Thread 0x0000016b9ffc1f80 Thread added: 0x0000016b9ffc1f80
Event: 14.421 Thread 0x0000016ba1e3f940 Thread exited: 0x0000016ba1e3f940
Event: 14.421 Thread 0x0000016ba1e3eba0 Thread exited: 0x0000016ba1e3eba0
Event: 27.106 Thread 0x0000016ba1e40db0 Thread added: 0x0000016ba1e40db0
Event: 27.448 Thread 0x0000016ba1e40db0 Thread exited: 0x0000016ba1e40db0


Dynamic libraries:
0x00007ff6f5be0000 - 0x00007ff6f5bf0000 	C:\Program Files\Java\jdk-22.0.1\bin\java.exe
0x00007ffba4b40000 - 0x00007ffba4da0000 	C:\WINDOWS\SYSTEM32\ntdll.dll
0x00007ffba30c0000 - 0x00007ffba3187000 	C:\WINDOWS\System32\KERNEL32.DLL
0x00007ffba2130000 - 0x00007ffba24fa000 	C:\WINDOWS\System32\KERNELBASE.dll
0x00007ffba2640000 - 0x00007ffba278b000 	C:\WINDOWS\System32\ucrtbase.dll
0x00007ffb8efc0000 - 0x00007ffb8efdb000 	C:\Program Files\Java\jdk-22.0.1\bin\VCRUNTIME140.dll
0x00007ffb88c30000 - 0x00007ffb88c47000 	C:\Program Files\Java\jdk-22.0.1\bin\jli.dll
0x00007ffba3530000 - 0x00007ffba35e2000 	C:\WINDOWS\System32\ADVAPI32.dll
0x00007ffba2940000 - 0x00007ffba29e9000 	C:\WINDOWS\System32\msvcrt.dll
0x00007ffba4750000 - 0x00007ffba47f6000 	C:\WINDOWS\System32\sechost.dll
0x00007ffba4800000 - 0x00007ffba4916000 	C:\WINDOWS\System32\RPCRT4.dll
0x00007ffba4920000 - 0x00007ffba4aec000 	C:\WINDOWS\System32\USER32.dll
0x00007ffb857d0000 - 0x00007ffb85a67000 	C:\WINDOWS\WinSxS\amd64_microsoft.windows.common-controls_6595b64144ccf1df_6.0.26100.3624_none_3e086962e3345f24\COMCTL32.dll
0x00007ffba2910000 - 0x00007ffba2937000 	C:\WINDOWS\System32\win32u.dll
0x00007ffba35f0000 - 0x00007ffba361a000 	C:\WINDOWS\System32\GDI32.dll
0x00007ffba1de0000 - 0x00007ffba1f11000 	C:\WINDOWS\System32\gdi32full.dll
0x00007ffba2590000 - 0x00007ffba2633000 	C:\WINDOWS\System32\msvcp_win.dll
0x00007ffb9aba0000 - 0x00007ffb9abab000 	C:\WINDOWS\SYSTEM32\VERSION.dll
0x00007ffba29f0000 - 0x00007ffba2a1f000 	C:\WINDOWS\System32\IMM32.DLL
0x00007ffb909f0000 - 0x00007ffb909fc000 	C:\Program Files\Java\jdk-22.0.1\bin\vcruntime140_1.dll
0x00007ffb5c960000 - 0x00007ffb5c9ee000 	C:\Program Files\Java\jdk-22.0.1\bin\msvcp140.dll
0x00007ffb053d0000 - 0x00007ffb06117000 	C:\Program Files\Java\jdk-22.0.1\bin\server\jvm.dll
0x00007ffba4400000 - 0x00007ffba4474000 	C:\WINDOWS\System32\WS2_32.dll
0x00007ffba0950000 - 0x00007ffba09ae000 	C:\WINDOWS\SYSTEM32\POWRPROF.dll
0x00007ffb8f610000 - 0x00007ffb8f646000 	C:\WINDOWS\SYSTEM32\WINMM.dll
0x00007ffba0930000 - 0x00007ffba0944000 	C:\WINDOWS\SYSTEM32\UMPDC.dll
0x00007ffba0c10000 - 0x00007ffba0c2a000 	C:\WINDOWS\SYSTEM32\kernel.appcore.dll
0x00007ffb8fce0000 - 0x00007ffb8fcea000 	C:\Program Files\Java\jdk-22.0.1\bin\jimage.dll
0x00007ffb9f670000 - 0x00007ffb9f8b1000 	C:\WINDOWS\SYSTEM32\DBGHELP.DLL
0x00007ffba3190000 - 0x00007ffba3512000 	C:\WINDOWS\System32\combase.dll
0x00007ffba2fe0000 - 0x00007ffba30b6000 	C:\WINDOWS\System32\OLEAUT32.dll
0x00007ffb8c060000 - 0x00007ffb8c099000 	C:\WINDOWS\SYSTEM32\dbgcore.DLL
0x00007ffba2090000 - 0x00007ffba2129000 	C:\WINDOWS\System32\bcryptPrimitives.dll
0x00007ffb88be0000 - 0x00007ffb88bef000 	C:\Program Files\Java\jdk-22.0.1\bin\instrument.dll
0x00007ffb88c10000 - 0x00007ffb88c2e000 	C:\Program Files\Java\jdk-22.0.1\bin\java.dll
0x00007ffba3830000 - 0x00007ffba3f59000 	C:\WINDOWS\System32\SHELL32.dll
0x00007ffba1f20000 - 0x00007ffba2088000 	C:\WINDOWS\System32\wintypes.dll
0x00007ffba2e30000 - 0x00007ffba2fc6000 	C:\WINDOWS\System32\ole32.dll
0x00007ffb9f9a0000 - 0x00007ffba01f2000 	C:\WINDOWS\SYSTEM32\windows.storage.dll
0x00007ffba2c40000 - 0x00007ffba2d2d000 	C:\WINDOWS\System32\SHCORE.dll
0x00007ffba4500000 - 0x00007ffba4564000 	C:\WINDOWS\System32\shlwapi.dll
0x00007ffba1c30000 - 0x00007ffba1c5f000 	C:\WINDOWS\SYSTEM32\profapi.dll
0x00007ffb5c880000 - 0x00007ffb5c957000 	C:\Program Files\Java\jdk-22.0.1\bin\jsvml.dll
0x00007ffb7e210000 - 0x00007ffb7e227000 	C:\Program Files\Java\jdk-22.0.1\bin\zip.dll
0x00007ffb88bd0000 - 0x00007ffb88be0000 	C:\Program Files\Java\jdk-22.0.1\bin\net.dll
0x00007ffba1110000 - 0x00007ffba117a000 	C:\WINDOWS\system32\mswsock.dll
0x00007ffb7e230000 - 0x00007ffb7e246000 	C:\Program Files\Java\jdk-22.0.1\bin\nio.dll
0x00007ffba0600000 - 0x00007ffba0725000 	C:\WINDOWS\SYSTEM32\DNSAPI.dll
0x00007ffba0570000 - 0x00007ffba05a3000 	C:\WINDOWS\SYSTEM32\IPHLPAPI.DLL
0x00007ffba4af0000 - 0x00007ffba4afa000 	C:\WINDOWS\System32\NSI.dll
0x00007ffb7fbf0000 - 0x00007ffb7fbf9000 	C:\Program Files\Java\jdk-22.0.1\bin\extnet.dll
0x00007ffb949e0000 - 0x00007ffb949eb000 	C:\Windows\System32\rasadhlp.dll
0x00007ffb94be0000 - 0x00007ffb94c65000 	C:\WINDOWS\System32\fwpuclnt.dll
0x00007ffb7e410000 - 0x00007ffb7e41a000 	C:\Program Files\Java\jdk-22.0.1\bin\management.dll
0x00007ffb7e200000 - 0x00007ffb7e20b000 	C:\Program Files\Java\jdk-22.0.1\bin\management_ext.dll
0x00007ffba2fd0000 - 0x00007ffba2fd8000 	C:\WINDOWS\System32\PSAPI.DLL
0x00007ffba14c0000 - 0x00007ffba14dc000 	C:\WINDOWS\SYSTEM32\CRYPTSP.dll
0x00007ffba0b70000 - 0x00007ffba0baa000 	C:\WINDOWS\system32\rsaenh.dll
0x00007ffba11b0000 - 0x00007ffba11db000 	C:\WINDOWS\SYSTEM32\USERENV.dll
0x00007ffba1c00000 - 0x00007ffba1c26000 	C:\WINDOWS\SYSTEM32\bcrypt.dll
0x00007ffba1340000 - 0x00007ffba134c000 	C:\WINDOWS\SYSTEM32\CRYPTBASE.dll
0x00007ffb7e5c0000 - 0x00007ffb7e5d8000 	C:\WINDOWS\system32\napinsp.dll
0x00007ffb7e4d0000 - 0x00007ffb7e4e2000 	C:\WINDOWS\System32\winrnr.dll
0x00007ffb7e490000 - 0x00007ffb7e4c0000 	C:\WINDOWS\system32\nlansp_c.dll
0x00007ffb7e470000 - 0x00007ffb7e486000 	C:\WINDOWS\system32\wshbth.dll
0x00007ffb8aca0000 - 0x00007ffb8acee000 	C:\WINDOWS\SYSTEM32\pdh.dll
0x00007ffb7e1e0000 - 0x00007ffb7e1eb000 	C:\Program Files\Java\jdk-22.0.1\bin\le.dll
0x00007ffb5cca0000 - 0x00007ffb5ccb2000 	C:\WINDOWS\System32\perfproc.dll
0x00007ffb7e1f0000 - 0x00007ffb7e1fe000 	C:\Program Files\Java\jdk-22.0.1\bin\sunmscapi.dll
0x00007ffba2790000 - 0x00007ffba2907000 	C:\WINDOWS\System32\CRYPT32.dll
0x00007ffba1610000 - 0x00007ffba1640000 	C:\WINDOWS\SYSTEM32\ncrypt.dll
0x00007ffba15c0000 - 0x00007ffba15ff000 	C:\WINDOWS\SYSTEM32\NTASN1.dll
0x00007ffb78730000 - 0x00007ffb78740000 	C:\Program Files\Java\jdk-22.0.1\bin\verify.dll
0x00007ffb78720000 - 0x00007ffb78728000 	C:\WINDOWS\system32\wshunix.dll

dbghelp: loaded successfully - version: 4.0.5 - missing functions: none
symbol engine: initialized successfully - sym options: 0x614 - pdb path: .;C:\Program Files\Java\jdk-22.0.1\bin;C:\WINDOWS\SYSTEM32;C:\WINDOWS\WinSxS\amd64_microsoft.windows.common-controls_6595b64144ccf1df_6.0.26100.3624_none_3e086962e3345f24;C:\Program Files\Java\jdk-22.0.1\bin\server

VM Arguments:
jvm_args: -javaagent:C:\Users\Sasidula\AppData\Local\Programs\IntelliJ IDEA Ultimate\lib\idea_rt.jar=53882 -Dfile.encoding=UTF-8 -Dsun.stdout.encoding=UTF-8 -Dsun.stderr.encoding=UTF-8 
java_command: com.example.nft_device_blockchain.NftDeviceBlockchainApplication
java_class_path (initial): C:\Users\Sasidula\Desktop\nft-device-blockchain\target\classes;C:\Users\Sasidula\.m2\repository\org\web3j\core\5.0.0\core-5.0.0.jar;C:\Users\Sasidula\.m2\repository\org\web3j\abi\5.0.0\abi-5.0.0.jar;C:\Users\Sasidula\.m2\repository\org\web3j\utils\5.0.0\utils-5.0.0.jar;C:\Users\Sasidula\.m2\repository\org\bouncycastle\bcprov-jdk15on\1.65\bcprov-jdk15on-1.65.jar;C:\Users\Sasidula\.m2\repository\org\web3j\crypto\5.0.0\crypto-5.0.0.jar;C:\Users\Sasidula\.m2\repository\org\web3j\rlp\5.0.0\rlp-5.0.0.jar;C:\Users\Sasidula\.m2\repository\org\web3j\tuples\5.0.0\tuples-5.0.0.jar;C:\Users\Sasidula\.m2\repository\com\github\jnr\jnr-unixsocket\0.21\jnr-unixsocket-0.21.jar;C:\Users\Sasidula\.m2\repository\com\github\jnr\jnr-ffi\2.1.9\jnr-ffi-2.1.9.jar;C:\Users\Sasidula\.m2\repository\com\github\jnr\jffi\1.2.17\jffi-1.2.17.jar;C:\Users\Sasidula\.m2\repository\com\github\jnr\jffi\1.2.16\jffi-1.2.16-native.jar;C:\Users\Sasidula\.m2\repository\org\ow2\asm\asm\5.0.3\asm-5.0.3.jar;C:\Users\Sasidula\.m2\repository\org\ow2\asm\asm-commons\5.0.3\asm-commons-5.0.3.jar;C:\Users\Sasidula\.m2\repository\org\ow2\asm\asm-analysis\5.0.3\asm-analysis-5.0.3.jar;C:\Users\Sasidula\.m2\repository\org\ow2\asm\asm-tree\5.0.3\asm-tree-5.0.3.jar;C:\Users\Sasidula\.m2\repository\org\ow2\asm\asm-util\5.0.3\asm-util-5.0.3.jar;C:\Users\Sasidula\.m2\repository\com\github\jnr\jnr-a64asm\1.0.0\jnr-a64asm-1.0.0.jar;C:\Users\Sasidula\.m2\repository\com\github\jnr\jnr-x86asm\1.0.2\jnr-x86asm-1.0.2.jar;C:\Users\Sasidula\.m2\repository\com\github\jnr\jnr-constants\0.9.11\jnr-constants-0.9.11.jar;C:\Users\Sasidula\.m2\repository\com\github\jnr\jnr-enxio\0.19\jnr-enxio-0.19.jar;C:\Users\Sasidula\.m2\repository\com\github\jnr\jnr-posix\3.0.47\jnr-posix-3.0.47.jar;C:\Users\Sasidula\.m2\repository\com\squareup\okhttp3\okhttp\4.3.1\okhttp-4.3.1.jar;C:\Users\Sasidula\.m2\repository\com\squareup\okio\okio\2.4.1\okio-2.4.1.jar;C:\Users\Sasidula\.m2\repository\org\jetbrains\kotlin\kotlin-stdlib-common\1.9.25\kotlin-stdlib-common-1.9.25.jar;C:\Users\Sasidula\.m2\repository\org\jetbrains\kotlin\kotlin-stdlib\1.9.25\kotlin-stdlib-1.9.25.jar;C:\Users\Sasidula\.m2\repository\org\jetbrains\annotations\13.0\annotations-13.0.jar;C:\Users\Sasidula\.m2\repository\com\squareup\okhttp3\logging-interceptor\4.3.1\logging-interceptor-4.3.1.jar;C:\Users\Sasidula\.m2\repository\io\reactivex\rxjava2\rxjava\2.2.2\rxjava-2.2.2.jar;C:\Users\Sasidula\.m2\repository\org\reactivestreams\reactive-streams\1.0.4\reactive-streams-1.0.4.jar;C:\Users\Sasidula\.m2\repository\org\java-websocket\Java-WebSocket\1.3.8\Java-WebSocket-1.3.8.jar;C:\Users\Sasidula\.m2\repository\com\fasterxml\jackson\core\jackson-databind\2.18.3\jackson-databind-2.18.3.jar;C:\Users\Sasidula\.m2\repository\com\fasterxml\jackson\core\jackson-annotations\2.18.3\jackson-annotations-2.18.3.jar;C:\Users\Sasidula\.m2\repository\com\fasterxml\jackson\core\jackson-core\2.18.3\jackson-core-2.18.3.jar;C:\Users\Sasidula\.m2\repository\org\slf4j\slf4j-api\2.0.17\slf4j-api-2.0.17.jar;C:\Users\Sasidula\.m2\repository\org\springframework\boot\spring-boot-starter-data-jpa\3.4.4\spring-boot-starter-data-jpa-3.4.4.jar;C:\Users\Sasidula\.m2\repository\org\springframework\boot\spring-boot-starter\3.4.4\spring-boot-starter-3.4.4.jar;C:\Users\Sasidula\.m2\repository\org\springframework\boot\spring-boot\3.4.4\spring-boot-3.4.4.jar;C:\Users\Sasidula\.m2\repository\org\springframework\boot\spring-boot-autoconfigure\3.4.4\spring-boot-autoconfigure-3.4.4.jar;C:\Users\Sasidula\.m2\repository\org\springframework\boot\spring-boot-starter-logging\3.4.4\spring-boot-starter-logging-3.4.4.jar;C:\Users\Sasidula\.m2\repository\ch\qos\logback\logback-classic\1.5.18\logback-classic-1.5.18.jar;C:\Users\Sasidula\.m2\repository\ch\qos\logback\logback-core\1.5.18\logback-core-1.5.18.jar;C:\Users\Sasidula\.m2\repository\org\apache\logging\log4j\log4j-to-slf4j\2.24.3\log4j-to-slf4j-2.24.3.jar;C:\Users\Sasidula\.m2\repository\org\apache\logging\log4j\log4j-api\2.24.3\log4j-api-2.24.3.jar;C:\Users\Sasidula\.m2\repository\org\slf4j\jul-to-slf4j\2.0.17\jul-to-slf4j-2.0.17.jar;C:\Users\Sasidula\.m2\repository\jakarta\annotation\jakarta.annotation-api\2.1.1\jakarta.annotation-api-2.1.1.jar;C:\Users\Sasidula\.m2\repository\org\yaml\snakeyaml\2.3\snakeyaml-2.3.jar;C:\Users\Sasidula\.m2\repository\org\springframework\boot\spring-boot-starter-jdbc\3.4.4\spring-boot-starter-jdbc-3.4.4.jar;C:\Users\Sasidula\.m2\repository\com\zaxxer\HikariCP\5.1.0\HikariCP-5.1.0.jar;C:\Users\Sasidula\.m2\repository\org\springframework\spring-jdbc\6.2.5\spring-jdbc-6.2.5.jar;C:\Users\Sasidula\.m2\repository\org\hibernate\orm\hibernate-core\6.6.11.Final\hibernate-core-6.6.11.Final.jar;C:\Users\Sasidula\.m2\repository\jakarta\persistence\jakarta.persistence-api\3.1.0\jakarta.persistence-api-3.1.0.jar;C:\Users\Sasidula\.m2\repository\jakarta\transaction\jakarta.transaction-api\2.0.1\jakarta.transaction-api-2.0.1.jar;C:\Users\Sasidula\.m2\repository\org\jboss\logging\jboss-logging\3.6.1.Final\jboss-logging-3.6.1.Final.jar;C:\Users\Sasidula\.m2\repository\org\hibernate\common\hibernate-commons-annotations\7.0.3.Final\hibernate-commons-annotations-7.0.3.Final.jar;C:\Users\Sasidula\.m2\repository\io\smallrye\jandex\3.2.0\jandex-3.2.0.jar;C:\Users\Sasidula\.m2\repository\com\fasterxml\classmate\1.7.0\classmate-1.7.0.jar;C:\Users\Sasidula\.m2\repository\net\bytebuddy\byte-buddy\1.15.11\byte-buddy-1.15.11.jar;C:\Users\Sasidula\.m2\repository\org\glassfish\jaxb\jaxb-runtime\4.0.5\jaxb-runtime-4.0.5.jar;C:\Users\Sasidula\.m2\repository\org\glassfish\jaxb\jaxb-core\4.0.5\jaxb-core-4.0.5.jar;C:\Users\Sasidula\.m2\repository\org\eclipse\angus\angus-activation\2.0.2\angus-activation-2.0.2.jar;C:\Users\Sasidula\.m2\repository\org\glassfish\jaxb\txw2\4.0.5\txw2-4.0.5.jar;C:\Users\Sasidula\.m2\repository\com\sun\istack\istack-commons-runtime\4.1.2\istack-commons-runtime-4.1.2.jar;C:\Users\Sasidula\.m2\repository\jakarta\inject\jakarta.inject-api\2.0.1\jakarta.inject-api-2.0.1.jar;C:\Users\Sasidula\.m2\repository\org\antlr\antlr4-runtime\4.13.0\antlr4-runtime-4.13.0.jar;C:\Users\Sasidula\.m2\repository\org\springframework\data\spring-data-jpa\3.4.4\spring-data-jpa-3.4.4.jar;C:\Users\Sasidula\.m2\repository\org\springframework\data\spring-data-commons\3.4.4\spring-data-commons-3.4.4.jar;C:\Users\Sasidula\.m2\repository\org\springframework\spring-orm\6.2.5\spring-orm-6.2.5.jar;C:\Users\Sasidula\.m2\repository\org\springframework\spring-context\6.2.5\spring-context-6.2.5.jar;C:\Users\Sasidula\.m2\repository\org\springframework\spring-aop\6.2.5\spring-aop-6.2.5.jar;C:\Users\Sasidula\.m2\repository\org\springframework\spring-tx\6.2.5\spring-tx-6.2.5.jar;C:\Users\Sasidula\.m2\repository\org\springframework\spring-beans\6.2.5\spring-beans-6.2.5.jar;C:\Users\Sasidula\.m2\repository\org\springframework\spring-aspects\6.2.5\spring-aspects-6.2.5.jar;C:\Users\Sasidula\.m2\repository\org\aspectj\aspectjweaver\1.9.23\aspectjweaver-1.9.23.jar;C:\Users\Sasidula\.m2\repository\org\springframework\boot\spring-boot-starter-web\3.4.4\spring-boot-starter-web-3.4.4.jar;C:\Users\Sasidula\.m2\repository\org\springframework\boot\spring-boot-starter-json\3.4.4\spring-boot-starter-json-3.4.4.jar;C:\Users\Sasidula\.m2\repository\com\fasterxml\jackson\datatype\jackson-datatype-jdk8\2.18.3\jackson-datatype-jdk8-2.18.3.jar;C:\Users\Sasidula\.m2\repository\com\fasterxml\jackson\datatype\jackson-datatype-jsr310\2.18.3\jackson-datatype-jsr310-2.18.3.jar;C:\Users\Sasidula\.m2\repository\com\fasterxml\jackson\module\jackson-module-parameter-names\2.18.3\jackson-module-parameter-names-2.18.3.jar;C:\Users\Sasidula\.m2\repository\org\springframework\boot\spring-boot-starter-tomcat\3.4.4\spring-boot-starter-tomcat-3.4.4.jar;C:\Users\Sasidula\.m2\repository\org\apache\tomcat\embed\tomcat-embed-core\10.1.39\tomcat-embed-core-10.1.39.jar;C:\Users\Sasidula\.m2\repository\org\apache\tomcat\embed\tomcat-embed-el\10.1.39\tomcat-embed-el-10.1.39.jar;C:\Users\Sasidula\.m2\repository\org\apache\tomcat\embed\tomcat-embed-websocket\10.1.39\tomcat-embed-websocket-10.1.39.jar;C:\Users\Sasidula\.m2\repository\org\springframework\spring-web\6.2.5\spring-web-6.2.5.jar;C:\Users\Sasidula\.m2\repository\io\micrometer\micrometer-observation\1.14.5\micrometer-observation-1.14.5.jar;C:\Users\Sasidula\.m2\repository\io\micrometer\micrometer-commons\1.14.5\micrometer-commons-1.14.5.jar;C:\Users\Sasidula\.m2\repository\org\springframework\spring-webmvc\6.2.5\spring-webmvc-6.2.5.jar;C:\Users\Sasidula\.m2\repository\org\springframework\spring-expression\6.2.5\spring-expression-6.2.5.jar;C:\Users\Sasidula\.m2\repository\com\mysql\mysql-connector-j\9.1.0\mysql-connector-j-9.1.0.jar;C:\Users\Sasidula\.m2\repository\jakarta\xml\bind\jakarta.xml.bind-api\4.0.2\jakarta.xml.bind-api-4.0.2.jar;C:\Users\Sasidula\.m2\repository\jakarta\activation\jakarta.activation-api\2.1.3\jakarta.activation-api-2.1.3.jar;C:\Users\Sasidula\.m2\repository\org\springframework\spring-core\6.2.5\spring-core-6.2.5.jar;C:\Users\Sasidula\.m2\repository\org\springframework\spring-jcl\6.2.5\spring-jcl-6.2.5.jar
Launcher Type: SUN_STANDARD

[Global flags]
     intx CICompilerCount                          = 4                                         {product} {ergonomic}
     uint ConcGCThreads                            = 2                                         {product} {ergonomic}
     uint G1ConcRefinementThreads                  = 8                                         {product} {ergonomic}
   size_t G1HeapRegionSize                         = 2097152                                   {product} {ergonomic}
   size_t InitialHeapSize                          = 268435456                                 {product} {ergonomic}
   size_t MarkStackSize                            = 4194304                                   {product} {ergonomic}
   size_t MaxHeapSize                              = 4263510016                                {product} {ergonomic}
   size_t MaxNewSize                               = 2556428288                                {product} {ergonomic}
   size_t MinHeapDeltaBytes                        = 2097152                                   {product} {ergonomic}
   size_t MinHeapSize                              = 8388608                                   {product} {ergonomic}
    uintx NonNMethodCodeHeapSize                   = 5839372                                {pd product} {ergonomic}
    uintx NonProfiledCodeHeapSize                  = 122909434                              {pd product} {ergonomic}
    uintx ProfiledCodeHeapSize                     = 122909434                              {pd product} {ergonomic}
    uintx ReservedCodeCacheSize                    = 251658240                              {pd product} {ergonomic}
     bool SegmentedCodeCache                       = true                                      {product} {ergonomic}
   size_t SoftMaxHeapSize                          = 4263510016                             {manageable} {ergonomic}
     bool UseCompressedOops                        = true                           {product lp64_product} {ergonomic}
     bool UseG1GC                                  = true                                      {product} {ergonomic}
     bool UseLargePagesIndividualAllocation        = false                                  {pd product} {ergonomic}

Logging:
Log output configuration:
 #0: stdout all=warning uptime,level,tags foldmultilines=false
 #1: stderr all=off uptime,level,tags foldmultilines=false

Environment Variables:
JAVA_HOME=C:\Program Files\Java\jdk-22.0.1
PATH=C:\Program Files\Common Files\Oracle\Java\javapath;C:\app\Sasidula\product\21c\dbhomeXE\bin;C:\Program Files (x86)\VMware\VMware Workstation\bin\;C:\Program Files (x86)\Common Files\Intel\Shared Libraries\redist\intel64\compiler;C:\WINDOWS\system32;C:\WINDOWS;C:\WINDOWS\System32\Wbem;C:\WINDOWS\System32\WindowsPowerShell\v1.0\;C:\WINDOWS\System32\OpenSSH\;C:\Program Files\Intel\WiFi\bin\;C:\Program Files\Common Files\Intel\WirelessCommon\;C:\Program Files (x86)\Microsoft SQL Server\160\Tools\Binn\;C:\Program Files\Microsoft SQL Server\160\Tools\Binn\;C:\Program Files\Microsoft SQL Server\Client SDK\ODBC\170\Tools\Binn\;C:\Program Files\Microsoft SQL Server\160\DTS\Binn\;C:\Program Files (x86)\Microsoft SQL Server\160\DTS\Binn\;C:\Program Files\Azure Data Studio\bin;C:\lua;C:\Program Files\dotnet;C:\Program Files\Java\jdk-21\bin;C:\Program Files\dotnet\;C:\Program Files\PuTTY\;C:\Users\Sasidula\Documents\java\apache-maven-3.9.8-bin\apache-maven-3.9.8\bin;C:\Program Files\Git\cmd;C:\Program Files\nodejs\;C:\ProgramData\chocolatey\bin;C:\wamp64\bin\mysql\mysql8.3.0\bin;C:\sqlite-tools-win-x64-3460100;C:\Program Files\Java\jdk-17.0.12\bin;C:\cygwin64\bin;C:\Program Files\CMake\bin;C:\Program Files (x86)\Windows Kits\10\Windows Performance Toolkit\;C:\Program Files\PowerShell\7\;C:\Program Files\MySQL\MySQL Utilities 1.6\;C:\Program Files\Graphviz\bin\dot.exe;C:\Program Files\Java\jdk-22.0.1;C:\Users\Sasidula\scoop\shims;C:\Users\Sasidula\AppData\Local\Programs\Python\Python310\Scripts\;C:\Users\Sasidula\AppData\Local\Programs\Python\Python310\;C:\Users\Sasidula\.pyenv\pyenv-win\bin;C:\Users\Sasidula\.pyenv\pyenv-win\shims;C:\Users\Sasidula\.pyenv\pyenv-win\bin;C:\Users\Sasidula\.pyenv\pyenv-win\shims;C:\Users\Sasidula\AppData\Local\Microsoft\WindowsApps;C:\Program Files\Azure Data Studio\bin;C:\Users\Sasidula\AppData\Local\Programs\Microsoft VS Code\bin;C:\Program Files\JetBrains\IntelliJ IDEA 2023.1.3\bin;C:\Program Files\Common Files\Oracle\Java\javapath;C:\Users\Sasidula\.dotnet\tools;C:\Users\Sasidula\AppData\Local\JetBrains\Toolbox\scripts;C:\Users\Sasidula\AppData\Local\GitHubDesktop\bin;C:\Users\Sasidula\AppData\Roaming\npm;C:\Users\Sasidula\AppData\Local\Programs\mongosh\;C:\Users\Sasidula\AppData\Local\Microsoft\WindowsApps;C:\Users\Sasidula\.dotnet\tools;C:\Program Files\Graphviz\bin;;C:\Users\Sasidula\.web3j\web3j-cli-shadow-1.7.0\bin
USERNAME=Sasidula
OS=Windows_NT
PROCESSOR_IDENTIFIER=Intel64 Family 6 Model 142 Stepping 10, GenuineIntel
TMP=C:\Users\Sasidula\AppData\Local\Temp
TEMP=C:\Users\Sasidula\AppData\Local\Temp




Periodic native trim disabled

---------------  S Y S T E M  ---------------

OS:
 Windows 11 , 64 bit Build 26100 (10.0.26100.3775)
OS uptime: 1 days 9:10 hours
Hyper-V role detected

CPU: total 8 (initial active 8) (4 cores per cpu, 2 threads per core) family 6 model 142 stepping 10 microcode 0xf6, cx8, cmov, fxsr, ht, mmx, 3dnowpref, sse, sse2, sse3, ssse3, sse4.1, sse4.2, popcnt, lzcnt, tsc, tscinvbit, avx, avx2, aes, erms, clmul, bmi1, bmi2, rtm, adx, fma, vzeroupper, clflush, clflushopt, hv, rdtscp, f16c
Processor Information for all 8 processors :
  Max Mhz: 1896, Current Mhz: 1496, Mhz Limit: 1687

Memory: 4k page, system-wide physical 16258M (1822M free)
TotalPageFile size 22313M (AvailPageFile size 0M)
current process WorkingSet (physical memory assigned to process): 348M, peak: 398M
current process commit charge ("private bytes"): 400M, peak: 451M

vm_info: Java HotSpot(TM) 64-Bit Server VM (22.0.1+8-16) for windows-amd64 JRE (22.0.1+8-16), built on 2024-03-12T10:33:16Z by "mach5one" with MS VC++ 17.6 (VS2022)

END.
